<?xml version="1.0" encoding="UTF-8"?>
<coverage generated="1772496501797" clover="3.2.0">
  <project timestamp="1772496501797" name="All files">
    <metrics statements="566" coveredstatements="535" conditionals="411" coveredconditionals="330" methods="122" coveredmethods="113" elements="1099" coveredelements="978" complexity="0" loc="566" ncloc="566" packages="6" files="11" classes="11"/>
    <package name="components">
      <metrics statements="42" coveredstatements="42" conditionals="41" coveredconditionals="32" methods="3" coveredmethods="3"/>
      <file name="DayCell.tsx" path="C:\Users\janne\source\little-baby-age-expo54\src\components\DayCell.tsx">
        <metrics statements="42" coveredstatements="42" conditionals="41" coveredconditionals="32" methods="3" coveredmethods="3"/>
        <line num="19" count="1" type="stmt"/>
        <line num="20" count="1" type="stmt"/>
        <line num="22" count="1" type="stmt"/>
        <line num="23" count="3" type="stmt"/>
        <line num="24" count="3" type="stmt"/>
        <line num="26" count="3" type="stmt"/>
        <line num="27" count="3" type="stmt"/>
        <line num="29" count="3" type="cond" truecount="2" falsecount="0"/>
        <line num="30" count="3" type="cond" truecount="2" falsecount="0"/>
        <line num="32" count="3" type="stmt"/>
        <line num="33" count="3" type="stmt"/>
        <line num="34" count="3" type="stmt"/>
        <line num="36" count="3" type="stmt"/>
        <line num="37" count="3" type="stmt"/>
        <line num="38" count="3" type="stmt"/>
        <line num="39" count="3" type="stmt"/>
        <line num="40" count="3" type="stmt"/>
        <line num="41" count="3" type="stmt"/>
        <line num="43" count="3" type="cond" truecount="2" falsecount="0"/>
        <line num="45" count="1" type="stmt"/>
        <line num="46" count="1" type="stmt"/>
        <line num="47" count="1" type="stmt"/>
        <line num="48" count="1" type="stmt"/>
        <line num="49" count="2" type="cond" truecount="2" falsecount="0"/>
        <line num="50" count="1" type="stmt"/>
        <line num="51" count="1" type="stmt"/>
        <line num="52" count="1" type="stmt"/>
        <line num="53" count="1" type="stmt"/>
        <line num="54" count="1" type="stmt"/>
        <line num="55" count="1" type="stmt"/>
        <line num="58" count="3" type="stmt"/>
        <line num="59" count="3" type="stmt"/>
        <line num="65" count="3" type="stmt"/>
        <line num="71" count="6" type="stmt"/>
        <line num="72" count="6" type="cond" truecount="2" falsecount="0"/>
        <line num="74" count="6" type="cond" truecount="2" falsecount="1"/>
        <line num="79" count="6" type="cond" truecount="4" falsecount="0"/>
        <line num="80" count="4" type="stmt"/>
        <line num="83" count="2" type="stmt"/>
        <line num="86" count="3" type="stmt"/>
        <line num="89" count="1" type="stmt"/>
        <line num="128" count="1" type="stmt"/>
      </file>
    </package>
    <package name="constants">
      <metrics statements="1" coveredstatements="1" conditionals="0" coveredconditionals="0" methods="0" coveredmethods="0"/>
      <file name="colors.ts" path="C:\Users\janne\source\little-baby-age-expo54\src\constants\colors.ts">
        <metrics statements="1" coveredstatements="1" conditionals="0" coveredconditionals="0" methods="0" coveredmethods="0"/>
        <line num="1" count="1" type="stmt"/>
      </file>
    </package>
    <package name="services">
      <metrics statements="7" coveredstatements="7" conditionals="6" coveredconditionals="6" methods="2" coveredmethods="2"/>
      <file name="achievementService.ts" path="C:\Users\janne\source\little-baby-age-expo54\src\services\achievementService.ts">
        <metrics statements="7" coveredstatements="7" conditionals="6" coveredconditionals="6" methods="2" coveredmethods="2"/>
        <line num="6" count="1" type="stmt"/>
        <line num="10" count="4" type="cond" truecount="2" falsecount="0"/>
        <line num="11" count="3" type="cond" truecount="2" falsecount="0"/>
        <line num="12" count="2" type="cond" truecount="2" falsecount="0"/>
        <line num="14" count="1" type="stmt"/>
        <line num="20" count="1" type="stmt"/>
        <line num="23" count="2" type="stmt"/>
      </file>
    </package>
    <package name="state">
      <metrics statements="214" coveredstatements="202" conditionals="130" coveredconditionals="93" methods="61" coveredmethods="56"/>
      <file name="AchievementsContext.tsx" path="C:\Users\janne\source\little-baby-age-expo54\src\state\AchievementsContext.tsx">
        <metrics statements="73" coveredstatements="69" conditionals="40" coveredconditionals="35" methods="15" coveredmethods="13"/>
        <line num="36" count="1" type="stmt"/>
        <line num="46" count="1" type="stmt"/>
        <line num="47" count="16" type="stmt"/>
        <line num="48" count="16" type="stmt"/>
        <line num="49" count="16" type="stmt"/>
        <line num="52" count="16" type="stmt"/>
        <line num="53" count="11" type="cond" truecount="2" falsecount="0"/>
        <line num="54" count="6" type="cond" truecount="1" falsecount="1"/>
        <line num="58" count="16" type="stmt"/>
        <line num="59" count="11" type="stmt"/>
        <line num="60" count="11" type="stmt"/>
        <line num="61" count="3" type="stmt"/>
        <line num="62" count="3" type="stmt"/>
        <line num="72" count="3" type="cond" truecount="1" falsecount="1"/>
        <line num="73" count="3" type="stmt"/>
        <line num="75" count="3" type="stmt"/>
        <line num="77" count="11" type="stmt"/>
        <line num="80" count="16" type="stmt"/>
        <line num="82" count="16" type="stmt"/>
        <line num="83" count="11" type="stmt"/>
        <line num="84" count="11" type="stmt"/>
        <line num="85" count="3" type="stmt"/>
        <line num="86" count="3" type="cond" truecount="1" falsecount="1"/>
        <line num="87" count="3" type="stmt"/>
        <line num="89" count="11" type="stmt"/>
        <line num="92" count="16" type="stmt"/>
        <line num="94" count="0" type="stmt"/>
        <line num="97" count="16" type="stmt"/>
        <line num="99" count="0" type="stmt"/>
        <line num="102" count="16" type="stmt"/>
        <line num="104" count="4" type="cond" truecount="4" falsecount="0"/>
        <line num="105" count="1" type="stmt"/>
        <line num="106" count="1" type="stmt"/>
        <line num="108" count="3" type="cond" truecount="2" falsecount="0"/>
        <line num="109" count="1" type="stmt"/>
        <line num="110" count="1" type="stmt"/>
        <line num="112" count="2" type="stmt"/>
        <line num="113" count="2" type="stmt"/>
        <line num="114" count="2" type="cond" truecount="2" falsecount="0"/>
        <line num="115" count="2" type="stmt"/>
        <line num="116" count="2" type="cond" truecount="2" falsecount="0"/>
        <line num="117" count="2" type="cond" truecount="2" falsecount="0"/>
        <line num="120" count="2" type="cond" truecount="2" falsecount="0"/>
        <line num="124" count="2" type="stmt"/>
        <line num="136" count="2" type="stmt"/>
        <line num="137" count="2" type="stmt"/>
        <line num="138" count="2" type="stmt"/>
        <line num="140" count="2" type="cond" truecount="2" falsecount="0"/>
        <line num="142" count="1" type="stmt"/>
        <line num="145" count="1" type="stmt"/>
        <line num="148" count="2" type="stmt"/>
        <line num="150" count="0" type="stmt"/>
        <line num="152" count="2" type="stmt"/>
        <line num="158" count="16" type="stmt"/>
        <line num="160" count="2" type="cond" truecount="2" falsecount="0"/>
        <line num="161" count="1" type="stmt"/>
        <line num="162" count="1" type="stmt"/>
        <line num="164" count="1" type="stmt"/>
        <line num="165" count="1" type="stmt"/>
        <line num="166" count="1" type="stmt"/>
        <line num="168" count="1" type="stmt"/>
        <line num="170" count="1" type="cond" truecount="1" falsecount="1"/>
        <line num="171" count="1" type="stmt"/>
        <line num="174" count="0" type="stmt"/>
        <line num="176" count="1" type="stmt"/>
        <line num="182" count="16" type="stmt"/>
        <line num="183" count="11" type="stmt"/>
        <line num="196" count="16" type="stmt"/>
        <line num="199" count="1" type="stmt"/>
        <line num="200" count="17" type="stmt"/>
        <line num="201" count="16" type="cond" truecount="2" falsecount="0"/>
        <line num="202" count="2" type="stmt"/>
        <line num="204" count="14" type="stmt"/>
      </file>
      <file name="AppStateContext.tsx" path="C:\Users\janne\source\little-baby-age-expo54\src\state\AppStateContext.tsx">
        <metrics statements="123" coveredstatements="115" conditionals="88" coveredconditionals="56" methods="39" coveredmethods="36"/>
        <line num="73" count="2" type="stmt"/>
        <line num="75" count="2" type="stmt"/>
        <line num="81" count="2" type="stmt"/>
        <line num="83" count="2" type="stmt"/>
        <line num="84" count="15" type="stmt"/>
        <line num="85" count="15" type="stmt"/>
        <line num="87" count="0" type="stmt"/>
        <line num="91" count="2" type="stmt"/>
        <line num="92" count="5" type="cond" truecount="2" falsecount="0"/>
        <line num="93" count="5" type="stmt"/>
        <line num="100" count="2" type="stmt"/>
        <line num="101" count="19" type="stmt"/>
        <line num="107" count="19" type="cond" truecount="1" falsecount="1"/>
        <line num="109" count="18" type="stmt"/>
        <line num="111" count="0" type="cond" truecount="0" falsecount="2"/>
        <line num="114" count="19" type="stmt"/>
        <line num="115" count="21" type="cond" truecount="1" falsecount="1"/>
        <line num="116" count="0" type="stmt"/>
        <line num="118" count="21" type="stmt"/>
        <line num="121" count="19" type="stmt"/>
        <line num="124" count="2" type="stmt"/>
        <line num="125" count="7" type="stmt"/>
        <line num="126" count="7" type="stmt"/>
        <line num="128" count="7" type="cond" truecount="4" falsecount="0"/>
        <line num="130" count="1" type="cond" truecount="1" falsecount="1"/>
        <line num="131" count="1" type="cond" truecount="1" falsecount="1"/>
        <line num="133" count="1" type="stmt"/>
        <line num="134" count="1" type="stmt"/>
        <line num="136" count="1" type="stmt"/>
        <line num="150" count="1" type="stmt"/>
        <line num="151" count="1" type="stmt"/>
        <line num="152" count="1" type="cond" truecount="1" falsecount="1"/>
        <line num="153" count="1" type="stmt"/>
        <line num="154" count="1" type="stmt"/>
        <line num="155" count="1" type="cond" truecount="1" falsecount="3"/>
        <line num="156" count="1" type="stmt"/>
        <line num="170" count="1" type="stmt"/>
        <line num="176" count="1" type="stmt"/>
        <line num="177" count="1" type="stmt"/>
        <line num="178" count="1" type="stmt"/>
        <line num="180" count="1" type="stmt"/>
        <line num="183" count="2" type="stmt"/>
        <line num="184" count="11" type="stmt"/>
        <line num="185" count="11" type="cond" truecount="2" falsecount="0"/>
        <line num="186" count="4" type="stmt"/>
        <line num="187" count="4" type="stmt"/>
        <line num="188" count="4" type="stmt"/>
        <line num="190" count="0" type="stmt"/>
        <line num="194" count="7" type="stmt"/>
        <line num="195" count="7" type="cond" truecount="2" falsecount="0"/>
        <line num="197" count="6" type="stmt"/>
        <line num="200" count="2" type="stmt"/>
        <line num="203" count="32" type="stmt"/>
        <line num="204" count="32" type="stmt"/>
        <line num="206" count="32" type="stmt"/>
        <line num="207" count="11" type="stmt"/>
        <line num="208" count="11" type="stmt"/>
        <line num="209" count="11" type="stmt"/>
        <line num="210" count="11" type="stmt"/>
        <line num="212" count="11" type="stmt"/>
        <line num="215" count="32" type="stmt"/>
        <line num="216" count="14" type="stmt"/>
        <line num="217" count="14" type="stmt"/>
        <line num="218" count="14" type="stmt"/>
        <line num="219" count="14" type="stmt"/>
        <line num="223" count="32" type="stmt"/>
        <line num="225" count="4" type="stmt"/>
        <line num="226" count="4" type="cond" truecount="2" falsecount="0"/>
        <line num="227" count="4" type="cond" truecount="2" falsecount="0"/>
        <line num="228" count="4" type="stmt"/>
        <line num="237" count="4" type="stmt"/>
        <line num="238" count="4" type="stmt"/>
        <line num="239" count="4" type="cond" truecount="2" falsecount="0"/>
        <line num="241" count="4" type="stmt"/>
        <line num="251" count="32" type="stmt"/>
        <line num="253" count="0" type="stmt"/>
        <line num="254" count="0" type="stmt"/>
        <line num="255" count="0" type="cond" truecount="0" falsecount="2"/>
        <line num="267" count="0" type="stmt"/>
        <line num="273" count="32" type="stmt"/>
        <line num="275" count="2" type="stmt"/>
        <line num="276" count="3" type="stmt"/>
        <line num="277" count="2" type="stmt"/>
        <line num="278" count="2" type="stmt"/>
        <line num="280" count="2" type="stmt"/>
        <line num="281" count="2" type="cond" truecount="1" falsecount="1"/>
        <line num="282" count="2" type="cond" truecount="2" falsecount="0"/>
        <line num="285" count="2" type="stmt"/>
        <line num="295" count="32" type="stmt"/>
        <line num="297" count="4" type="stmt"/>
        <line num="298" count="5" type="cond" truecount="2" falsecount="0"/>
        <line num="299" count="3" type="stmt"/>
        <line num="305" count="32" type="stmt"/>
        <line num="307" count="2" type="stmt"/>
        <line num="308" count="2" type="cond" truecount="1" falsecount="1"/>
        <line num="309" count="2" type="stmt"/>
        <line num="321" count="32" type="stmt"/>
        <line num="323" count="1" type="stmt"/>
        <line num="324" count="1" type="cond" truecount="1" falsecount="1"/>
        <line num="325" count="1" type="stmt"/>
        <line num="326" count="1" type="cond" truecount="1" falsecount="1"/>
        <line num="328" count="1" type="stmt"/>
        <line num="337" count="32" type="stmt"/>
        <line num="339" count="1" type="stmt"/>
        <line num="340" count="1" type="cond" truecount="1" falsecount="1"/>
        <line num="341" count="1" type="stmt"/>
        <line num="342" count="1" type="stmt"/>
        <line num="351" count="32" type="stmt"/>
        <line num="352" count="32" type="stmt"/>
        <line num="366" count="32" type="stmt"/>
        <line num="369" count="2" type="stmt"/>
        <line num="370" count="65" type="stmt"/>
        <line num="371" count="64" type="cond" truecount="2" falsecount="0"/>
        <line num="372" count="2" type="stmt"/>
        <line num="374" count="62" type="stmt"/>
        <line num="377" count="2" type="stmt"/>
        <line num="378" count="18" type="stmt"/>
        <line num="379" count="18" type="stmt"/>
        <line num="380" count="18" type="cond" truecount="2" falsecount="0"/>
        <line num="385" count="2" type="stmt"/>
        <line num="386" count="2" type="stmt"/>
        <line num="387" count="2" type="cond" truecount="2" falsecount="0"/>
        <line num="388" count="1" type="cond" truecount="1" falsecount="1"/>
      </file>
      <file name="DateViewContext.tsx" path="C:\Users\janne\source\little-baby-age-expo54\src\state\DateViewContext.tsx">
        <metrics statements="18" coveredstatements="18" conditionals="2" coveredconditionals="2" methods="7" coveredmethods="7"/>
        <line num="16" count="1" type="stmt"/>
        <line num="18" count="1" type="stmt"/>
        <line num="21" count="5" type="stmt"/>
        <line num="24" count="1" type="stmt"/>
        <line num="28" count="6" type="stmt"/>
        <line num="29" count="6" type="stmt"/>
        <line num="31" count="6" type="stmt"/>
        <line num="34" count="2" type="stmt"/>
        <line num="37" count="6" type="stmt"/>
        <line num="40" count="1" type="stmt"/>
        <line num="43" count="6" type="stmt"/>
        <line num="44" count="6" type="stmt"/>
        <line num="53" count="6" type="stmt"/>
        <line num="56" count="1" type="stmt"/>
        <line num="57" count="9" type="stmt"/>
        <line num="58" count="8" type="cond" truecount="2" falsecount="0"/>
        <line num="59" count="2" type="stmt"/>
        <line num="61" count="6" type="stmt"/>
      </file>
    </package>
    <package name="storage">
      <metrics statements="68" coveredstatements="55" conditionals="34" coveredconditionals="18" methods="18" coveredmethods="14"/>
      <file name="storage.ts" path="C:\Users\janne\source\little-baby-age-expo54\src\storage\storage.ts">
        <metrics statements="68" coveredstatements="55" conditionals="34" coveredconditionals="18" methods="18" coveredmethods="14"/>
        <line num="6" count="2" type="stmt"/>
        <line num="12" count="2" type="stmt"/>
        <line num="19" count="2" type="stmt"/>
        <line num="21" count="2" type="stmt"/>
        <line num="22" count="3" type="cond" truecount="1" falsecount="1"/>
        <line num="23" count="3" type="stmt"/>
        <line num="24" count="3" type="stmt"/>
        <line num="26" count="1" type="stmt"/>
        <line num="27" count="1" type="stmt"/>
        <line num="31" count="2" type="stmt"/>
        <line num="32" count="1" type="stmt"/>
        <line num="33" count="1" type="stmt"/>
        <line num="34" count="1" type="stmt"/>
        <line num="36" count="0" type="stmt"/>
        <line num="37" count="0" type="stmt"/>
        <line num="41" count="2" type="stmt"/>
        <line num="42" count="1" type="stmt"/>
        <line num="45" count="2" type="stmt"/>
        <line num="46" count="3" type="stmt"/>
        <line num="48" count="2" type="stmt"/>
        <line num="49" count="3" type="stmt"/>
        <line num="50" count="3" type="stmt"/>
        <line num="52" count="2" type="stmt"/>
        <line num="53" count="2" type="stmt"/>
        <line num="57" count="2" type="stmt"/>
        <line num="58" count="1" type="cond" truecount="1" falsecount="1"/>
        <line num="59" count="1" type="cond" truecount="2" falsecount="0"/>
        <line num="60" count="1" type="stmt"/>
        <line num="63" count="2" type="stmt"/>
        <line num="64" count="1" type="cond" truecount="4" falsecount="1"/>
        <line num="65" count="0" type="stmt"/>
        <line num="66" count="0" type="cond" truecount="0" falsecount="2"/>
        <line num="67" count="0" type="stmt"/>
        <line num="68" count="0" type="stmt"/>
        <line num="69" count="0" type="cond" truecount="0" falsecount="3"/>
        <line num="74" count="2" type="stmt"/>
        <line num="75" count="1" type="stmt"/>
        <line num="76" count="1" type="stmt"/>
        <line num="78" count="1" type="stmt"/>
        <line num="79" count="3" type="stmt"/>
        <line num="80" count="3" type="cond" truecount="2" falsecount="0"/>
        <line num="81" count="1" type="stmt"/>
        <line num="82" count="1" type="stmt"/>
        <line num="83" count="1" type="stmt"/>
        <line num="84" count="1" type="cond" truecount="1" falsecount="1"/>
        <line num="85" count="1" type="stmt"/>
        <line num="89" count="1" type="cond" truecount="1" falsecount="1"/>
        <line num="90" count="0" type="stmt"/>
        <line num="91" count="0" type="stmt"/>
        <line num="93" count="1" type="cond" truecount="1" falsecount="1"/>
        <line num="99" count="0" type="stmt"/>
        <line num="100" count="0" type="stmt"/>
        <line num="101" count="0" type="cond" truecount="0" falsecount="2"/>
        <line num="102" count="0" type="stmt"/>
        <line num="104" count="1" type="cond" truecount="1" falsecount="1"/>
        <line num="105" count="1" type="stmt"/>
        <line num="106" count="3" type="cond" truecount="1" falsecount="1"/>
        <line num="107" count="3" type="stmt"/>
        <line num="111" count="1" type="stmt"/>
        <line num="112" count="1" type="stmt"/>
        <line num="117" count="2" type="stmt"/>
        <line num="118" count="2" type="stmt"/>
        <line num="119" count="2" type="stmt"/>
        <line num="120" count="2" type="stmt"/>
        <line num="123" count="2" type="stmt"/>
        <line num="124" count="1" type="stmt"/>
        <line num="125" count="1" type="stmt"/>
        <line num="126" count="1" type="stmt"/>
      </file>
    </package>
    <package name="utils">
      <metrics statements="234" coveredstatements="228" conditionals="200" coveredconditionals="181" methods="38" coveredmethods="38"/>
      <file name="ageLabelNormalization.ts" path="C:\Users\janne\source\little-baby-age-expo54\src\utils\ageLabelNormalization.ts">
        <metrics statements="9" coveredstatements="9" conditionals="8" coveredconditionals="7" methods="2" coveredmethods="2"/>
        <line num="5" count="2" type="stmt"/>
        <line num="6" count="4" type="cond" truecount="1" falsecount="1"/>
        <line num="7" count="4" type="stmt"/>
        <line num="14" count="2" type="stmt"/>
        <line num="17" count="18" type="cond" truecount="2" falsecount="0"/>
        <line num="18" count="11" type="cond" truecount="2" falsecount="0"/>
        <line num="19" count="10" type="stmt"/>
        <line num="20" count="10" type="cond" truecount="2" falsecount="0"/>
        <line num="22" count="1" type="stmt"/>
      </file>
      <file name="dateUtils.ts" path="C:\Users\janne\source\little-baby-age-expo54\src\utils\dateUtils.ts">
        <metrics statements="166" coveredstatements="162" conditionals="160" coveredconditionals="150" methods="26" coveredmethods="26"/>
        <line num="11" count="4" type="stmt"/>
        <line num="12" count="4" type="stmt"/>
        <line num="14" count="4" type="stmt"/>
        <line num="15" count="324" type="cond" truecount="2" falsecount="0"/>
        <line num="17" count="4" type="stmt"/>
        <line num="18" count="352" type="stmt"/>
        <line num="20" count="4" type="stmt"/>
        <line num="21" count="311" type="cond" truecount="2" falsecount="0"/>
        <line num="23" count="307" type="stmt"/>
        <line num="24" count="307" type="stmt"/>
        <line num="26" count="307" type="cond" truecount="2" falsecount="0"/>
        <line num="31" count="1" type="stmt"/>
        <line num="34" count="306" type="stmt"/>
        <line num="37" count="4" type="stmt"/>
        <line num="38" count="310" type="cond" truecount="4" falsecount="0"/>
        <line num="39" count="1" type="stmt"/>
        <line num="40" count="1" type="stmt"/>
        <line num="43" count="309" type="stmt"/>
        <line num="44" count="309" type="cond" truecount="2" falsecount="0"/>
        <line num="45" count="4" type="stmt"/>
        <line num="46" count="4" type="stmt"/>
        <line num="49" count="305" type="stmt"/>
        <line num="52" count="4" type="stmt"/>
        <line num="53" count="2" type="cond" truecount="1" falsecount="1"/>
        <line num="54" count="2" type="cond" truecount="2" falsecount="0"/>
        <line num="55" count="1" type="stmt"/>
        <line num="58" count="4" type="stmt"/>
        <line num="59" count="158" type="cond" truecount="1" falsecount="1"/>
        <line num="60" count="0" type="stmt"/>
        <line num="62" count="158" type="stmt"/>
        <line num="65" count="4" type="stmt"/>
        <line num="66" count="154" type="cond" truecount="2" falsecount="0"/>
        <line num="67" count="3" type="stmt"/>
        <line num="69" count="151" type="stmt"/>
        <line num="70" count="151" type="stmt"/>
        <line num="71" count="151" type="stmt"/>
        <line num="72" count="151" type="stmt"/>
        <line num="73" count="151" type="stmt"/>
        <line num="76" count="5" type="stmt"/>
        <line num="78" count="4" type="stmt"/>
        <line num="79" count="1438" type="stmt"/>
        <line num="81" count="4" type="stmt"/>
        <line num="82" count="208" type="stmt"/>
        <line num="83" count="208" type="stmt"/>
        <line num="84" count="208" type="stmt"/>
        <line num="86" count="208" type="stmt"/>
        <line num="87" count="208" type="stmt"/>
        <line num="88" count="208" type="stmt"/>
        <line num="89" count="208" type="stmt"/>
        <line num="90" count="208" type="stmt"/>
        <line num="92" count="208" type="stmt"/>
        <line num="95" count="4" type="stmt"/>
        <line num="96" count="186" type="cond" truecount="3" falsecount="1"/>
        <line num="97" count="0" type="stmt"/>
        <line num="100" count="186" type="cond" truecount="2" falsecount="0"/>
        <line num="101" count="51" type="stmt"/>
        <line num="105" count="135" type="stmt"/>
        <line num="107" count="135" type="stmt"/>
        <line num="108" count="135" type="cond" truecount="2" falsecount="0"/>
        <line num="109" count="73" type="stmt"/>
        <line num="110" count="73" type="stmt"/>
        <line num="113" count="135" type="stmt"/>
        <line num="114" count="135" type="stmt"/>
        <line num="121" count="4" type="stmt"/>
        <line num="122" count="166" type="cond" truecount="2" falsecount="0"/>
        <line num="123" count="7" type="stmt"/>
        <line num="124" count="7" type="stmt"/>
        <line num="126" count="159" type="stmt"/>
        <line num="129" count="4" type="stmt"/>
        <line num="130" count="312" type="stmt"/>
        <line num="132" count="4" type="stmt"/>
        <line num="137" count="4" type="stmt"/>
        <line num="142" count="9" type="cond" truecount="2" falsecount="0"/>
        <line num="143" count="9" type="cond" truecount="2" falsecount="0"/>
        <line num="144" count="1" type="stmt"/>
        <line num="146" count="8" type="stmt"/>
        <line num="149" count="19" type="stmt"/>
        <line num="151" count="4" type="stmt"/>
        <line num="155" count="55" type="cond" truecount="2" falsecount="0"/>
        <line num="156" count="32" type="stmt"/>
        <line num="157" count="32" type="cond" truecount="1" falsecount="1"/>
        <line num="158" count="32" type="cond" truecount="4" falsecount="0"/>
        <line num="159" count="31" type="stmt"/>
        <line num="162" count="4" type="stmt"/>
        <line num="163" count="324" type="cond" truecount="3" falsecount="1"/>
        <line num="164" count="324" type="stmt"/>
        <line num="165" count="324" type="cond" truecount="2" falsecount="0"/>
        <line num="168" count="4" type="stmt"/>
        <line num="175" count="113" type="stmt"/>
        <line num="176" count="113" type="stmt"/>
        <line num="177" count="113" type="cond" truecount="2" falsecount="0"/>
        <line num="178" count="113" type="cond" truecount="4" falsecount="0"/>
        <line num="180" count="113" type="cond" truecount="4" falsecount="0"/>
        <line num="181" count="1" type="stmt"/>
        <line num="184" count="112" type="stmt"/>
        <line num="185" count="112" type="stmt"/>
        <line num="187" count="112" type="cond" truecount="2" falsecount="0"/>
        <line num="188" count="112" type="stmt"/>
        <line num="189" count="112" type="cond" truecount="2" falsecount="0"/>
        <line num="191" count="112" type="cond" truecount="2" falsecount="0"/>
        <line num="192" count="112" type="cond" truecount="4" falsecount="0"/>
        <line num="194" count="112" type="cond" truecount="4" falsecount="0"/>
        <line num="199" count="112" type="stmt"/>
        <line num="200" count="112" type="stmt"/>
        <line num="201" count="112" type="stmt"/>
        <line num="202" count="112" type="cond" truecount="3" falsecount="0"/>
        <line num="204" count="112" type="cond" truecount="2" falsecount="0"/>
        <line num="210" count="112" type="stmt"/>
        <line num="236" count="4" type="stmt"/>
        <line num="237" count="1" type="stmt"/>
        <line num="238" count="1" type="stmt"/>
        <line num="239" count="1" type="stmt"/>
        <line num="242" count="4" type="stmt"/>
        <line num="243" count="4" type="stmt"/>
        <line num="244" count="4" type="stmt"/>
        <line num="245" count="4" type="stmt"/>
        <line num="246" count="4" type="stmt"/>
        <line num="247" count="4" type="stmt"/>
        <line num="250" count="4" type="stmt"/>
        <line num="263" count="4" type="stmt"/>
        <line num="264" count="4" type="stmt"/>
        <line num="265" count="4" type="stmt"/>
        <line num="266" count="4" type="stmt"/>
        <line num="267" count="4" type="stmt"/>
        <line num="268" count="4" type="stmt"/>
        <line num="269" count="4" type="stmt"/>
        <line num="270" count="4" type="stmt"/>
        <line num="271" count="4" type="stmt"/>
        <line num="272" count="4" type="cond" truecount="2" falsecount="0"/>
        <line num="273" count="4" type="cond" truecount="4" falsecount="0"/>
        <line num="274" count="4" type="cond" truecount="2" falsecount="0"/>
        <line num="276" count="4" type="cond" truecount="4" falsecount="0"/>
        <line num="287" count="4" type="stmt"/>
        <line num="289" count="4" type="stmt"/>
        <line num="290" count="140" type="stmt"/>
        <line num="291" count="140" type="stmt"/>
        <line num="292" count="140" type="stmt"/>
        <line num="294" count="140" type="cond" truecount="2" falsecount="0"/>
        <line num="298" count="140" type="cond" truecount="4" falsecount="0"/>
        <line num="308" count="140" type="cond" truecount="2" falsecount="0"/>
        <line num="310" count="140" type="cond" truecount="5" falsecount="0"/>
        <line num="313" count="140" type="cond" truecount="2" falsecount="0"/>
        <line num="314" count="140" type="cond" truecount="2" falsecount="0"/>
        <line num="316" count="140" type="cond" truecount="4" falsecount="0"/>
        <line num="319" count="140" type="stmt"/>
        <line num="321" count="140" type="cond" truecount="4" falsecount="0"/>
        <line num="325" count="140" type="cond" truecount="2" falsecount="0"/>
        <line num="327" count="140" type="cond" truecount="2" falsecount="0"/>
        <line num="329" count="140" type="cond" truecount="2" falsecount="0"/>
        <line num="331" count="140" type="cond" truecount="4" falsecount="0"/>
        <line num="336" count="140" type="cond" truecount="6" falsecount="0"/>
        <line num="343" count="3" type="stmt"/>
        <line num="344" count="3" type="stmt"/>
        <line num="357" count="140" type="cond" truecount="2" falsecount="0"/>
        <line num="358" count="19" type="stmt"/>
        <line num="361" count="140" type="stmt"/>
        <line num="371" count="140" type="stmt"/>
        <line num="374" count="140" type="stmt"/>
        <line num="375" count="4" type="stmt"/>
        <line num="376" count="100" type="stmt"/>
        <line num="379" count="4" type="cond" truecount="2" falsecount="0"/>
        <line num="381" count="31" type="cond" truecount="1" falsecount="2"/>
        <line num="382" count="1" type="cond" truecount="1" falsecount="1"/>
        <line num="383" count="0" type="stmt"/>
        <line num="388" count="0" type="stmt"/>
        <line num="395" count="4" type="stmt"/>
      </file>
      <file name="photo.ts" path="C:\Users\janne\source\little-baby-age-expo54\src\utils\photo.ts">
        <metrics statements="48" coveredstatements="46" conditionals="24" coveredconditionals="18" methods="6" coveredmethods="6"/>
        <line num="5" count="1" type="stmt"/>
        <line num="6" count="1" type="stmt"/>
        <line num="7" count="1" type="stmt"/>
        <line num="9" count="1" type="stmt"/>
        <line num="10" count="1" type="stmt"/>
        <line num="11" count="1" type="cond" truecount="1" falsecount="1"/>
        <line num="12" count="1" type="stmt"/>
        <line num="16" count="1" type="stmt"/>
        <line num="17" count="1" type="stmt"/>
        <line num="18" count="1" type="stmt"/>
        <line num="21" count="1" type="stmt"/>
        <line num="22" count="1" type="cond" truecount="3" falsecount="1"/>
        <line num="24" count="0" type="stmt"/>
        <line num="27" count="1" type="stmt"/>
        <line num="28" count="1" type="cond" truecount="1" falsecount="1"/>
        <line num="29" count="0" type="stmt"/>
        <line num="32" count="1" type="stmt"/>
        <line num="33" count="1" type="cond" truecount="1" falsecount="1"/>
        <line num="44" count="1" type="stmt"/>
        <line num="45" count="3" type="stmt"/>
        <line num="46" count="3" type="cond" truecount="2" falsecount="0"/>
        <line num="47" count="1" type="stmt"/>
        <line num="48" count="1" type="stmt"/>
        <line num="51" count="2" type="stmt"/>
        <line num="57" count="2" type="cond" truecount="4" falsecount="0"/>
        <line num="58" count="1" type="stmt"/>
        <line num="61" count="1" type="stmt"/>
        <line num="62" count="1" type="stmt"/>
        <line num="64" count="1" type="stmt"/>
        <line num="73" count="1" type="stmt"/>
        <line num="74" count="1" type="stmt"/>
        <line num="75" count="1" type="stmt"/>
        <line num="77" count="1" type="stmt"/>
        <line num="78" count="1" type="stmt"/>
        <line num="84" count="1" type="stmt"/>
        <line num="85" count="4" type="cond" truecount="2" falsecount="0"/>
        <line num="86" count="2" type="stmt"/>
        <line num="87" count="2" type="stmt"/>
        <line num="88" count="1" type="cond" truecount="1" falsecount="1"/>
        <line num="90" count="1" type="stmt"/>
        <line num="91" count="1" type="stmt"/>
        <line num="98" count="1" type="stmt"/>
        <line num="99" count="4" type="cond" truecount="2" falsecount="0"/>
        <line num="100" count="2" type="stmt"/>
        <line num="101" count="2" type="stmt"/>
        <line num="102" count="1" type="cond" truecount="1" falsecount="1"/>
        <line num="103" count="1" type="stmt"/>
        <line num="106" count="1" type="stmt"/>
      </file>
      <file name="text.ts" path="C:\Users\janne\source\little-baby-age-expo54\src\utils\text.ts">
        <metrics statements="11" coveredstatements="11" conditionals="8" coveredconditionals="6" methods="4" coveredmethods="4"/>
        <line num="1" count="1" type="cond" truecount="1" falsecount="1"/>
        <line num="3" count="1" type="stmt"/>
        <line num="4" count="2" type="cond" truecount="1" falsecount="1"/>
        <line num="5" count="2" type="cond" truecount="2" falsecount="0"/>
        <line num="6" count="1" type="stmt"/>
        <line num="8" count="1" type="stmt"/>
        <line num="17" count="1" type="stmt"/>
        <line num="18" count="2" type="cond" truecount="2" falsecount="0"/>
        <line num="19" count="1" type="stmt"/>
        <line num="20" count="5" type="stmt"/>
        <line num="22" count="1" type="stmt"/>
      </file>
    </package>
  </project>
</coverage>
