{"C:\\Users\\janne\\source\\little-baby-age-expo54\\src\\components\\DayCell.tsx": {"path":"C:\\Users\\janne\\source\\little-baby-age-expo54\\src\\components\\DayCell.tsx","statementMap":{"0":{"start":{"line":19,"column":20},"end":{"line":19,"column":22}},"1":{"start":{"line":20,"column":13},"end":{"line":20,"column":37}},"2":{"start":{"line":22,"column":33},"end":{"line":126,"column":1}},"3":{"start":{"line":23,"column":19},"end":{"line":23,"column":38}},"4":{"start":{"line":24,"column":21},"end":{"line":24,"column":53}},"5":{"start":{"line":26,"column":20},"end":{"line":26,"column":55}},"6":{"start":{"line":27,"column":29},"end":{"line":27,"column":64}},"7":{"start":{"line":29,"column":25},"end":{"line":29,"column":64}},"8":{"start":{"line":30,"column":27},"end":{"line":30,"column":68}},"9":{"start":{"line":32,"column":39},"end":{"line":32,"column":80}},"10":{"start":{"line":33,"column":35},"end":{"line":33,"column":72}},"11":{"start":{"line":34,"column":37},"end":{"line":34,"column":76}},"12":{"start":{"line":36,"column":41},"end":{"line":36,"column":69}},"13":{"start":{"line":37,"column":24},"end":{"line":37,"column":54}},"14":{"start":{"line":38,"column":21},"end":{"line":38,"column":48}},"15":{"start":{"line":39,"column":44},"end":{"line":39,"column":48}},"16":{"start":{"line":40,"column":27},"end":{"line":40,"column":57}},"17":{"start":{"line":41,"column":24},"end":{"line":41,"column":51}},"18":{"start":{"line":43,"column":2},"end":{"line":56,"column":3}},"19":{"start":{"line":45,"column":4},"end":{"line":45,"column":42}},"20":{"start":{"line":46,"column":4},"end":{"line":46,"column":51}},"21":{"start":{"line":47,"column":4},"end":{"line":47,"column":45}},"22":{"start":{"line":48,"column":4},"end":{"line":48,"column":23}},"23":{"start":{"line":49,"column":9},"end":{"line":56,"column":3}},"24":{"start":{"line":50,"column":4},"end":{"line":50,"column":44}},"25":{"start":{"line":51,"column":4},"end":{"line":51,"column":53}},"26":{"start":{"line":52,"column":4},"end":{"line":52,"column":47}},"27":{"start":{"line":53,"column":4},"end":{"line":53,"column":43}},"28":{"start":{"line":54,"column":4},"end":{"line":54,"column":52}},"29":{"start":{"line":55,"column":4},"end":{"line":55,"column":46}},"30":{"start":{"line":58,"column":26},"end":{"line":58,"column":50}},"31":{"start":{"line":59,"column":22},"end":{"line":63,"column":3}},"32":{"start":{"line":65,"column":24},"end":{"line":84,"column":3}},"33":{"start":{"line":71,"column":27},"end":{"line":71,"column":54}},"34":{"start":{"line":72,"column":22},"end":{"line":72,"column":75}},"35":{"start":{"line":74,"column":6},"end":{"line":76,"column":13}},"36":{"start":{"line":79,"column":4},"end":{"line":81,"column":5}},"37":{"start":{"line":80,"column":6},"end":{"line":80,"column":19}},"38":{"start":{"line":83,"column":4},"end":{"line":83,"column":74}},"39":{"start":{"line":86,"column":2},"end":{"line":125,"column":4}},"40":{"start":{"line":89,"column":21},"end":{"line":89,"column":38}},"41":{"start":{"line":128,"column":15},"end":{"line":233,"column":2}}},"fnMap":{"0":{"name":"(anonymous_0)","decl":{"start":{"line":22,"column":33},"end":{"line":22,"column":34}},"loc":{"start":{"line":22,"column":64},"end":{"line":126,"column":1}},"line":22},"1":{"name":"(anonymous_1)","decl":{"start":{"line":65,"column":24},"end":{"line":65,"column":25}},"loc":{"start":{"line":70,"column":7},"end":{"line":84,"column":3}},"line":70},"2":{"name":"(anonymous_2)","decl":{"start":{"line":89,"column":15},"end":{"line":89,"column":16}},"loc":{"start":{"line":89,"column":21},"end":{"line":89,"column":38}},"line":89}},"branchMap":{"0":{"loc":{"start":{"line":29,"column":25},"end":{"line":29,"column":64}},"type":"binary-expr","locations":[{"start":{"line":29,"column":25},"end":{"line":29,"column":56}},{"start":{"line":29,"column":60},"end":{"line":29,"column":64}}],"line":29},"1":{"loc":{"start":{"line":30,"column":27},"end":{"line":30,"column":68}},"type":"binary-expr","locations":[{"start":{"line":30,"column":27},"end":{"line":30,"column":60}},{"start":{"line":30,"column":64},"end":{"line":30,"column":68}}],"line":30},"2":{"loc":{"start":{"line":43,"column":2},"end":{"line":56,"column":3}},"type":"if","locations":[{"start":{"line":43,"column":2},"end":{"line":56,"column":3}},{"start":{"line":49,"column":9},"end":{"line":56,"column":3}}],"line":43},"3":{"loc":{"start":{"line":49,"column":9},"end":{"line":56,"column":3}},"type":"if","locations":[{"start":{"line":49,"column":9},"end":{"line":56,"column":3}},{"start":{},"end":{}}],"line":49},"4":{"loc":{"start":{"line":60,"column":22},"end":{"line":60,"column":51}},"type":"cond-expr","locations":[{"start":{"line":60,"column":43},"end":{"line":60,"column":44}},{"start":{"line":60,"column":47},"end":{"line":60,"column":51}}],"line":60},"5":{"loc":{"start":{"line":61,"column":23},"end":{"line":61,"column":52}},"type":"cond-expr","locations":[{"start":{"line":61,"column":44},"end":{"line":61,"column":45}},{"start":{"line":61,"column":48},"end":{"line":61,"column":52}}],"line":61},"6":{"loc":{"start":{"line":72,"column":22},"end":{"line":72,"column":75}},"type":"binary-expr","locations":[{"start":{"line":72,"column":22},"end":{"line":72,"column":44}},{"start":{"line":72,"column":48},"end":{"line":72,"column":75}}],"line":72},"7":{"loc":{"start":{"line":74,"column":47},"end":{"line":74,"column":88}},"type":"binary-expr","locations":[{"start":{"line":74,"column":47},"end":{"line":74,"column":56}},{"start":{"line":74,"column":60},"end":{"line":74,"column":68}},{"start":{"line":74,"column":72},"end":{"line":74,"column":88}}],"line":74},"8":{"loc":{"start":{"line":75,"column":9},"end":{"line":75,"column":62}},"type":"cond-expr","locations":[{"start":{"line":75,"column":34},"end":{"line":75,"column":56}},{"start":{"line":75,"column":59},"end":{"line":75,"column":62}}],"line":75},"9":{"loc":{"start":{"line":79,"column":4},"end":{"line":81,"column":5}},"type":"if","locations":[{"start":{"line":79,"column":4},"end":{"line":81,"column":5}},{"start":{},"end":{}}],"line":79},"10":{"loc":{"start":{"line":79,"column":8},"end":{"line":79,"column":61}},"type":"binary-expr","locations":[{"start":{"line":79,"column":8},"end":{"line":79,"column":30}},{"start":{"line":79,"column":34},"end":{"line":79,"column":61}}],"line":79},"11":{"loc":{"start":{"line":93,"column":8},"end":{"line":93,"column":42}},"type":"binary-expr","locations":[{"start":{"line":93,"column":8},"end":{"line":93,"column":16}},{"start":{"line":93,"column":20},"end":{"line":93,"column":42}}],"line":93},"12":{"loc":{"start":{"line":94,"column":8},"end":{"line":94,"column":35}},"type":"binary-expr","locations":[{"start":{"line":94,"column":8},"end":{"line":94,"column":19}},{"start":{"line":94,"column":23},"end":{"line":94,"column":35}}],"line":94},"13":{"loc":{"start":{"line":98,"column":39},"end":{"line":98,"column":74}},"type":"binary-expr","locations":[{"start":{"line":98,"column":39},"end":{"line":98,"column":50}},{"start":{"line":98,"column":54},"end":{"line":98,"column":74}}],"line":98},"14":{"loc":{"start":{"line":102,"column":14},"end":{"line":102,"column":50}},"type":"binary-expr","locations":[{"start":{"line":102,"column":14},"end":{"line":102,"column":25}},{"start":{"line":102,"column":29},"end":{"line":102,"column":50}}],"line":102},"15":{"loc":{"start":{"line":103,"column":14},"end":{"line":103,"column":43}},"type":"binary-expr","locations":[{"start":{"line":103,"column":14},"end":{"line":103,"column":22}},{"start":{"line":103,"column":26},"end":{"line":103,"column":43}}],"line":103},"16":{"loc":{"start":{"line":109,"column":9},"end":{"line":109,"column":62}},"type":"binary-expr","locations":[{"start":{"line":109,"column":9},"end":{"line":109,"column":24}},{"start":{"line":109,"column":28},"end":{"line":109,"column":62}}],"line":109},"17":{"loc":{"start":{"line":112,"column":9},"end":{"line":122,"column":9}},"type":"cond-expr","locations":[{"start":{"line":113,"column":10},"end":{"line":116,"column":13}},{"start":{"line":118,"column":10},"end":{"line":121,"column":13}}],"line":112},"18":{"loc":{"start":{"line":114,"column":37},"end":{"line":114,"column":82}},"type":"cond-expr","locations":[{"start":{"line":114,"column":56},"end":{"line":114,"column":66}},{"start":{"line":114,"column":69},"end":{"line":114,"column":82}}],"line":114},"19":{"loc":{"start":{"line":115,"column":40},"end":{"line":115,"column":92}},"type":"cond-expr","locations":[{"start":{"line":115,"column":62},"end":{"line":115,"column":76}},{"start":{"line":115,"column":79},"end":{"line":115,"column":92}}],"line":115}},"s":{"0":1,"1":1,"2":1,"3":3,"4":3,"5":3,"6":3,"7":3,"8":3,"9":3,"10":3,"11":3,"12":3,"13":3,"14":3,"15":3,"16":3,"17":3,"18":3,"19":1,"20":1,"21":1,"22":1,"23":2,"24":1,"25":1,"26":1,"27":1,"28":1,"29":1,"30":3,"31":3,"32":3,"33":6,"34":6,"35":6,"36":6,"37":4,"38":2,"39":3,"40":1,"41":1},"f":{"0":3,"1":6,"2":1},"b":{"0":[3,1],"1":[3,2],"2":[1,2],"3":[1,1],"4":[0,3],"5":[0,3],"6":[6,2],"7":[6,2,0],"8":[2,4],"9":[4,2],"10":[6,2],"11":[3,1],"12":[3,0],"13":[3,0],"14":[3,0],"15":[3,1],"16":[3,0],"17":[2,1],"18":[2,0],"19":[0,2]},"_coverageSchema":"1a1c01bbd47fc00a2c39e90264f33305004495a9","hash":"4036d89f3434c9658d335b815770813c8b43e915"}
,"C:\\Users\\janne\\source\\little-baby-age-expo54\\src\\constants\\colors.ts": {"path":"C:\\Users\\janne\\source\\little-baby-age-expo54\\src\\constants\\colors.ts","statementMap":{"0":{"start":{"line":1,"column":22},"end":{"line":42,"column":1}}},"fnMap":{},"branchMap":{},"s":{"0":1},"f":{},"b":{},"_coverageSchema":"1a1c01bbd47fc00a2c39e90264f33305004495a9","hash":"2cb50ba0d819f9c0a233a88ecbf69e55ecebcc16"}
,"C:\\Users\\janne\\source\\little-baby-age-expo54\\src\\services\\achievementService.ts": {"path":"C:\\Users\\janne\\source\\little-baby-age-expo54\\src\\services\\achievementService.ts","statementMap":{"0":{"start":{"line":6,"column":41},"end":{"line":15,"column":1}},"1":{"start":{"line":10,"column":2},"end":{"line":10,"column":33}},"2":{"start":{"line":10,"column":26},"end":{"line":10,"column":33}},"3":{"start":{"line":11,"column":2},"end":{"line":11,"column":45}},"4":{"start":{"line":11,"column":38},"end":{"line":11,"column":45}},"5":{"start":{"line":12,"column":2},"end":{"line":12,"column":53}},"6":{"start":{"line":12,"column":46},"end":{"line":12,"column":53}},"7":{"start":{"line":14,"column":2},"end":{"line":14,"column":47}},"8":{"start":{"line":20,"column":43},"end":{"line":24,"column":1}},"9":{"start":{"line":23,"column":2},"end":{"line":23,"column":39}}},"fnMap":{"0":{"name":"(anonymous_0)","decl":{"start":{"line":6,"column":41},"end":{"line":6,"column":42}},"loc":{"start":{"line":9,"column":20},"end":{"line":15,"column":1}},"line":9},"1":{"name":"(anonymous_1)","decl":{"start":{"line":20,"column":43},"end":{"line":20,"column":44}},"loc":{"start":{"line":22,"column":20},"end":{"line":24,"column":1}},"line":22}},"branchMap":{"0":{"loc":{"start":{"line":10,"column":2},"end":{"line":10,"column":33}},"type":"if","locations":[{"start":{"line":10,"column":2},"end":{"line":10,"column":33}},{"start":{},"end":{}}],"line":10},"1":{"loc":{"start":{"line":11,"column":2},"end":{"line":11,"column":45}},"type":"if","locations":[{"start":{"line":11,"column":2},"end":{"line":11,"column":45}},{"start":{},"end":{}}],"line":11},"2":{"loc":{"start":{"line":12,"column":2},"end":{"line":12,"column":53}},"type":"if","locations":[{"start":{"line":12,"column":2},"end":{"line":12,"column":53}},{"start":{},"end":{}}],"line":12}},"s":{"0":1,"1":4,"2":1,"3":3,"4":1,"5":2,"6":1,"7":1,"8":1,"9":2},"f":{"0":4,"1":2},"b":{"0":[1,3],"1":[1,2],"2":[1,1]},"_coverageSchema":"1a1c01bbd47fc00a2c39e90264f33305004495a9","hash":"c0b9f729bce0224558cd2e49173bd2a5df30ab52"}
,"C:\\Users\\janne\\source\\little-baby-age-expo54\\src\\state\\AchievementsContext.tsx": {"path":"C:\\Users\\janne\\source\\little-baby-age-expo54\\src\\state\\AchievementsContext.tsx","statementMap":{"0":{"start":{"line":36,"column":28},"end":{"line":36,"column":83}},"1":{"start":{"line":46,"column":77},"end":{"line":197,"column":1}},"2":{"start":{"line":47,"column":74},"end":{"line":47,"column":87}},"3":{"start":{"line":48,"column":15},"end":{"line":48,"column":30}},"4":{"start":{"line":49,"column":32},"end":{"line":49,"column":56}},"5":{"start":{"line":52,"column":29},"end":{"line":55,"column":46}},"6":{"start":{"line":53,"column":4},"end":{"line":53,"column":39}},"7":{"start":{"line":53,"column":29},"end":{"line":53,"column":39}},"8":{"start":{"line":54,"column":4},"end":{"line":54,"column":56}},"9":{"start":{"line":58,"column":16},"end":{"line":78,"column":26}},"10":{"start":{"line":59,"column":34},"end":{"line":59,"column":36}},"11":{"start":{"line":60,"column":4},"end":{"line":76,"column":7}},"12":{"start":{"line":61,"column":22},"end":{"line":61,"column":31}},"13":{"start":{"line":62,"column":37},"end":{"line":71,"column":7}},"14":{"start":{"line":72,"column":6},"end":{"line":74,"column":7}},"15":{"start":{"line":73,"column":8},"end":{"line":73,"column":26}},"16":{"start":{"line":75,"column":6},"end":{"line":75,"column":35}},"17":{"start":{"line":77,"column":4},"end":{"line":77,"column":15}},"18":{"start":{"line":80,"column":16},"end":{"line":80,"column":54}},"19":{"start":{"line":80,"column":31},"end":{"line":80,"column":43}},"20":{"start":{"line":82,"column":22},"end":{"line":90,"column":13}},"21":{"start":{"line":83,"column":59},"end":{"line":83,"column":61}},"22":{"start":{"line":84,"column":4},"end":{"line":88,"column":7}},"23":{"start":{"line":85,"column":20},"end":{"line":85,"column":36}},"24":{"start":{"line":86,"column":6},"end":{"line":86,"column":45}},"25":{"start":{"line":86,"column":26},"end":{"line":86,"column":45}},"26":{"start":{"line":87,"column":6},"end":{"line":87,"column":40}},"27":{"start":{"line":89,"column":4},"end":{"line":89,"column":18}},"28":{"start":{"line":92,"column":18},"end":{"line":95,"column":8}},"29":{"start":{"line":94,"column":4},"end":{"line":94,"column":29}},"30":{"start":{"line":97,"column":20},"end":{"line":100,"column":8}},"31":{"start":{"line":99,"column":4},"end":{"line":99,"column":29}},"32":{"start":{"line":102,"column":17},"end":{"line":156,"column":3}},"33":{"start":{"line":104,"column":6},"end":{"line":107,"column":7}},"34":{"start":{"line":105,"column":8},"end":{"line":105,"column":60}},"35":{"start":{"line":106,"column":8},"end":{"line":106,"column":15}},"36":{"start":{"line":108,"column":6},"end":{"line":111,"column":7}},"37":{"start":{"line":109,"column":8},"end":{"line":109,"column":72}},"38":{"start":{"line":110,"column":8},"end":{"line":110,"column":15}},"39":{"start":{"line":112,"column":29},"end":{"line":112,"column":78}},"40":{"start":{"line":113,"column":18},"end":{"line":113,"column":42}},"41":{"start":{"line":114,"column":23},"end":{"line":114,"column":43}},"42":{"start":{"line":115,"column":23},"end":{"line":115,"column":78}},"43":{"start":{"line":115,"column":57},"end":{"line":115,"column":77}},"44":{"start":{"line":116,"column":32},"end":{"line":116,"column":64}},"45":{"start":{"line":117,"column":32},"end":{"line":117,"column":85}},"46":{"start":{"line":120,"column":28},"end":{"line":122,"column":48}},"47":{"start":{"line":124,"column":29},"end":{"line":134,"column":7}},"48":{"start":{"line":136,"column":6},"end":{"line":136,"column":23}},"49":{"start":{"line":137,"column":6},"end":{"line":153,"column":7}},"50":{"start":{"line":138,"column":23},"end":{"line":138,"column":40}},"51":{"start":{"line":140,"column":8},"end":{"line":146,"column":9}},"52":{"start":{"line":142,"column":10},"end":{"line":142,"column":80}},"53":{"start":{"line":145,"column":10},"end":{"line":145,"column":74}},"54":{"start":{"line":148,"column":8},"end":{"line":148,"column":78}},"55":{"start":{"line":150,"column":8},"end":{"line":150,"column":45}},"56":{"start":{"line":152,"column":8},"end":{"line":152,"column":26}},"57":{"start":{"line":158,"column":17},"end":{"line":180,"column":3}},"58":{"start":{"line":160,"column":6},"end":{"line":163,"column":7}},"59":{"start":{"line":161,"column":8},"end":{"line":161,"column":60}},"60":{"start":{"line":162,"column":8},"end":{"line":162,"column":15}},"61":{"start":{"line":164,"column":21},"end":{"line":164,"column":79}},"62":{"start":{"line":164,"column":64},"end":{"line":164,"column":78}},"63":{"start":{"line":165,"column":6},"end":{"line":165,"column":23}},"64":{"start":{"line":166,"column":6},"end":{"line":177,"column":7}},"65":{"start":{"line":168,"column":8},"end":{"line":168,"column":56}},"66":{"start":{"line":170,"column":8},"end":{"line":172,"column":9}},"67":{"start":{"line":171,"column":10},"end":{"line":171,"column":62}},"68":{"start":{"line":174,"column":8},"end":{"line":174,"column":45}},"69":{"start":{"line":176,"column":8},"end":{"line":176,"column":26}},"70":{"start":{"line":182,"column":16},"end":{"line":194,"column":3}},"71":{"start":{"line":183,"column":11},"end":{"line":192,"column":5}},"72":{"start":{"line":196,"column":2},"end":{"line":196,"column":95}},"73":{"start":{"line":199,"column":31},"end":{"line":205,"column":1}},"74":{"start":{"line":200,"column":14},"end":{"line":200,"column":45}},"75":{"start":{"line":201,"column":2},"end":{"line":203,"column":3}},"76":{"start":{"line":202,"column":4},"end":{"line":202,"column":80}},"77":{"start":{"line":204,"column":2},"end":{"line":204,"column":13}}},"fnMap":{"0":{"name":"(anonymous_0)","decl":{"start":{"line":46,"column":77},"end":{"line":46,"column":78}},"loc":{"start":{"line":46,"column":95},"end":{"line":197,"column":1}},"line":46},"1":{"name":"(anonymous_1)","decl":{"start":{"line":52,"column":37},"end":{"line":52,"column":38}},"loc":{"start":{"line":52,"column":43},"end":{"line":55,"column":3}},"line":52},"2":{"name":"(anonymous_2)","decl":{"start":{"line":58,"column":42},"end":{"line":58,"column":43}},"loc":{"start":{"line":58,"column":48},"end":{"line":78,"column":3}},"line":58},"3":{"name":"(anonymous_3)","decl":{"start":{"line":60,"column":31},"end":{"line":60,"column":32}},"loc":{"start":{"line":60,"column":41},"end":{"line":76,"column":5}},"line":60},"4":{"name":"(anonymous_4)","decl":{"start":{"line":80,"column":24},"end":{"line":80,"column":25}},"loc":{"start":{"line":80,"column":31},"end":{"line":80,"column":43}},"line":80},"5":{"name":"(anonymous_5)","decl":{"start":{"line":82,"column":30},"end":{"line":82,"column":31}},"loc":{"start":{"line":82,"column":36},"end":{"line":90,"column":3}},"line":82},"6":{"name":"(anonymous_6)","decl":{"start":{"line":84,"column":34},"end":{"line":84,"column":35}},"loc":{"start":{"line":84,"column":52},"end":{"line":88,"column":5}},"line":84},"7":{"name":"(anonymous_7)","decl":{"start":{"line":92,"column":30},"end":{"line":92,"column":31}},"loc":{"start":{"line":92,"column":57},"end":{"line":95,"column":3}},"line":92},"8":{"name":"(anonymous_8)","decl":{"start":{"line":97,"column":32},"end":{"line":97,"column":33}},"loc":{"start":{"line":97,"column":59},"end":{"line":100,"column":3}},"line":97},"9":{"name":"(anonymous_9)","decl":{"start":{"line":103,"column":4},"end":{"line":103,"column":5}},"loc":{"start":{"line":103,"column":47},"end":{"line":154,"column":5}},"line":103},"10":{"name":"(anonymous_10)","decl":{"start":{"line":115,"column":47},"end":{"line":115,"column":48}},"loc":{"start":{"line":115,"column":57},"end":{"line":115,"column":77}},"line":115},"11":{"name":"(anonymous_11)","decl":{"start":{"line":159,"column":4},"end":{"line":159,"column":5}},"loc":{"start":{"line":159,"column":44},"end":{"line":178,"column":5}},"line":159},"12":{"name":"(anonymous_12)","decl":{"start":{"line":164,"column":54},"end":{"line":164,"column":55}},"loc":{"start":{"line":164,"column":64},"end":{"line":164,"column":78}},"line":164},"13":{"name":"(anonymous_13)","decl":{"start":{"line":183,"column":4},"end":{"line":183,"column":5}},"loc":{"start":{"line":183,"column":11},"end":{"line":192,"column":5}},"line":183},"14":{"name":"(anonymous_14)","decl":{"start":{"line":199,"column":31},"end":{"line":199,"column":32}},"loc":{"start":{"line":199,"column":56},"end":{"line":205,"column":1}},"line":199}},"branchMap":{"0":{"loc":{"start":{"line":53,"column":4},"end":{"line":53,"column":39}},"type":"if","locations":[{"start":{"line":53,"column":4},"end":{"line":53,"column":39}},{"start":{},"end":{}}],"line":53},"1":{"loc":{"start":{"line":54,"column":11},"end":{"line":54,"column":55}},"type":"binary-expr","locations":[{"start":{"line":54,"column":11},"end":{"line":54,"column":49}},{"start":{"line":54,"column":53},"end":{"line":54,"column":55}}],"line":54},"2":{"loc":{"start":{"line":65,"column":18},"end":{"line":65,"column":61}},"type":"binary-expr","locations":[{"start":{"line":65,"column":18},"end":{"line":65,"column":40}},{"start":{"line":65,"column":44},"end":{"line":65,"column":61}}],"line":65},"3":{"loc":{"start":{"line":68,"column":19},"end":{"line":68,"column":46}},"type":"binary-expr","locations":[{"start":{"line":68,"column":19},"end":{"line":68,"column":33}},{"start":{"line":68,"column":37},"end":{"line":68,"column":46}}],"line":68},"4":{"loc":{"start":{"line":70,"column":19},"end":{"line":70,"column":51}},"type":"binary-expr","locations":[{"start":{"line":70,"column":19},"end":{"line":70,"column":33}},{"start":{"line":70,"column":37},"end":{"line":70,"column":51}}],"line":70},"5":{"loc":{"start":{"line":72,"column":6},"end":{"line":74,"column":7}},"type":"if","locations":[{"start":{"line":72,"column":6},"end":{"line":74,"column":7}},{"start":{},"end":{}}],"line":72},"6":{"loc":{"start":{"line":86,"column":6},"end":{"line":86,"column":45}},"type":"if","locations":[{"start":{"line":86,"column":6},"end":{"line":86,"column":45}},{"start":{},"end":{}}],"line":86},"7":{"loc":{"start":{"line":104,"column":6},"end":{"line":107,"column":7}},"type":"if","locations":[{"start":{"line":104,"column":6},"end":{"line":107,"column":7}},{"start":{},"end":{}}],"line":104},"8":{"loc":{"start":{"line":104,"column":10},"end":{"line":104,"column":38}},"type":"binary-expr","locations":[{"start":{"line":104,"column":10},"end":{"line":104,"column":15}},{"start":{"line":104,"column":19},"end":{"line":104,"column":38}}],"line":104},"9":{"loc":{"start":{"line":108,"column":6},"end":{"line":111,"column":7}},"type":"if","locations":[{"start":{"line":108,"column":6},"end":{"line":111,"column":7}},{"start":{},"end":{}}],"line":108},"10":{"loc":{"start":{"line":114,"column":23},"end":{"line":114,"column":43}},"type":"binary-expr","locations":[{"start":{"line":114,"column":23},"end":{"line":114,"column":33}},{"start":{"line":114,"column":37},"end":{"line":114,"column":43}}],"line":114},"11":{"loc":{"start":{"line":116,"column":32},"end":{"line":116,"column":64}},"type":"binary-expr","locations":[{"start":{"line":116,"column":32},"end":{"line":116,"column":51}},{"start":{"line":116,"column":55},"end":{"line":116,"column":64}}],"line":116},"12":{"loc":{"start":{"line":117,"column":32},"end":{"line":117,"column":85}},"type":"binary-expr","locations":[{"start":{"line":117,"column":32},"end":{"line":117,"column":59}},{"start":{"line":117,"column":63},"end":{"line":117,"column":85}}],"line":117},"13":{"loc":{"start":{"line":120,"column":28},"end":{"line":122,"column":48}},"type":"cond-expr","locations":[{"start":{"line":121,"column":10},"end":{"line":121,"column":19}},{"start":{"line":122,"column":10},"end":{"line":122,"column":48}}],"line":120},"14":{"loc":{"start":{"line":122,"column":10},"end":{"line":122,"column":48}},"type":"binary-expr","locations":[{"start":{"line":122,"column":10},"end":{"line":122,"column":27}},{"start":{"line":122,"column":31},"end":{"line":122,"column":48}}],"line":122},"15":{"loc":{"start":{"line":132,"column":19},"end":{"line":132,"column":45}},"type":"binary-expr","locations":[{"start":{"line":132,"column":19},"end":{"line":132,"column":38}},{"start":{"line":132,"column":42},"end":{"line":132,"column":45}}],"line":132},"16":{"loc":{"start":{"line":140,"column":8},"end":{"line":146,"column":9}},"type":"if","locations":[{"start":{"line":140,"column":8},"end":{"line":146,"column":9}},{"start":{"line":143,"column":15},"end":{"line":146,"column":9}}],"line":140},"17":{"loc":{"start":{"line":160,"column":6},"end":{"line":163,"column":7}},"type":"if","locations":[{"start":{"line":160,"column":6},"end":{"line":163,"column":7}},{"start":{},"end":{}}],"line":160},"18":{"loc":{"start":{"line":170,"column":8},"end":{"line":172,"column":9}},"type":"if","locations":[{"start":{"line":170,"column":8},"end":{"line":172,"column":9}},{"start":{},"end":{}}],"line":170},"19":{"loc":{"start":{"line":201,"column":2},"end":{"line":203,"column":3}},"type":"if","locations":[{"start":{"line":201,"column":2},"end":{"line":203,"column":3}},{"start":{},"end":{}}],"line":201}},"s":{"0":1,"1":1,"2":16,"3":16,"4":16,"5":16,"6":11,"7":5,"8":6,"9":16,"10":11,"11":11,"12":3,"13":3,"14":3,"15":3,"16":3,"17":11,"18":16,"19":11,"20":16,"21":11,"22":11,"23":3,"24":3,"25":3,"26":3,"27":11,"28":16,"29":0,"30":16,"31":0,"32":16,"33":4,"34":1,"35":1,"36":3,"37":1,"38":1,"39":2,"40":2,"41":2,"42":2,"43":1,"44":2,"45":2,"46":2,"47":2,"48":2,"49":2,"50":2,"51":2,"52":1,"53":1,"54":2,"55":0,"56":2,"57":16,"58":2,"59":1,"60":1,"61":1,"62":1,"63":1,"64":1,"65":1,"66":1,"67":1,"68":0,"69":1,"70":16,"71":11,"72":16,"73":1,"74":17,"75":16,"76":2,"77":14},"f":{"0":16,"1":11,"2":11,"3":3,"4":11,"5":11,"6":3,"7":0,"8":0,"9":4,"10":1,"11":2,"12":1,"13":11,"14":17},"b":{"0":[5,6],"1":[6,0],"2":[3,3],"3":[3,1],"4":[3,1],"5":[3,0],"6":[3,0],"7":[1,3],"8":[4,3],"9":[1,2],"10":[2,1],"11":[2,1],"12":[2,2],"13":[1,1],"14":[1,0],"15":[2,1],"16":[1,1],"17":[1,1],"18":[1,0],"19":[2,14]},"_coverageSchema":"1a1c01bbd47fc00a2c39e90264f33305004495a9","hash":"74f391eb9bc42183f2b862611217882cffc38734"}
,"C:\\Users\\janne\\source\\little-baby-age-expo54\\src\\state\\AppStateContext.tsx": {"path":"C:\\Users\\janne\\source\\little-baby-age-expo54\\src\\state\\AppStateContext.tsx","statementMap":{"0":{"start":{"line":73,"column":22},"end":{"line":73,"column":54}},"1":{"start":{"line":75,"column":30},"end":{"line":79,"column":1}},"2":{"start":{"line":81,"column":24},"end":{"line":81,"column":82}},"3":{"start":{"line":83,"column":21},"end":{"line":89,"column":1}},"4":{"start":{"line":84,"column":2},"end":{"line":88,"column":3}},"5":{"start":{"line":85,"column":4},"end":{"line":85,"column":73}},"6":{"start":{"line":87,"column":4},"end":{"line":87,"column":54}},"7":{"start":{"line":91,"column":29},"end":{"line":98,"column":1}},"8":{"start":{"line":92,"column":19},"end":{"line":92,"column":55}},"9":{"start":{"line":93,"column":2},"end":{"line":97,"column":4}},"10":{"start":{"line":100,"column":29},"end":{"line":122,"column":1}},"11":{"start":{"line":101,"column":30},"end":{"line":105,"column":3}},"12":{"start":{"line":107,"column":2},"end":{"line":112,"column":3}},"13":{"start":{"line":109,"column":33},"end":{"line":109,"column":64}},"14":{"start":{"line":111,"column":4},"end":{"line":111,"column":60}},"15":{"start":{"line":114,"column":2},"end":{"line":119,"column":5}},"16":{"start":{"line":115,"column":4},"end":{"line":117,"column":5}},"17":{"start":{"line":116,"column":6},"end":{"line":116,"column":43}},"18":{"start":{"line":118,"column":4},"end":{"line":118,"column":96}},"19":{"start":{"line":121,"column":2},"end":{"line":121,"column":19}},"20":{"start":{"line":124,"column":27},"end":{"line":181,"column":1}},"21":{"start":{"line":125,"column":28},"end":{"line":125,"column":81}},"22":{"start":{"line":126,"column":32},"end":{"line":126,"column":89}},"23":{"start":{"line":128,"column":2},"end":{"line":128,"column":64}},"24":{"start":{"line":128,"column":52},"end":{"line":128,"column":64}},"25":{"start":{"line":130,"column":25},"end":{"line":130,"column":76}},"26":{"start":{"line":131,"column":29},"end":{"line":131,"column":82}},"27":{"start":{"line":133,"column":17},"end":{"line":133,"column":23}},"28":{"start":{"line":134,"column":14},"end":{"line":134,"column":38}},"29":{"start":{"line":136,"column":31},"end":{"line":148,"column":3}},"30":{"start":{"line":150,"column":46},"end":{"line":150,"column":48}},"31":{"start":{"line":151,"column":2},"end":{"line":168,"column":5}},"32":{"start":{"line":152,"column":4},"end":{"line":152,"column":37}},"33":{"start":{"line":152,"column":30},"end":{"line":152,"column":37}},"34":{"start":{"line":153,"column":4},"end":{"line":167,"column":7}},"35":{"start":{"line":154,"column":24},"end":{"line":154,"column":41}},"36":{"start":{"line":155,"column":18},"end":{"line":155,"column":94}},"37":{"start":{"line":156,"column":6},"end":{"line":166,"column":9}},"38":{"start":{"line":170,"column":34},"end":{"line":174,"column":3}},"39":{"start":{"line":176,"column":2},"end":{"line":176,"column":59}},"40":{"start":{"line":177,"column":2},"end":{"line":177,"column":63}},"41":{"start":{"line":178,"column":2},"end":{"line":178,"column":36}},"42":{"start":{"line":180,"column":2},"end":{"line":180,"column":23}},"43":{"start":{"line":183,"column":21},"end":{"line":198,"column":1}},"44":{"start":{"line":184,"column":14},"end":{"line":184,"column":55}},"45":{"start":{"line":185,"column":2},"end":{"line":192,"column":3}},"46":{"start":{"line":186,"column":4},"end":{"line":191,"column":5}},"47":{"start":{"line":187,"column":21},"end":{"line":187,"column":48}},"48":{"start":{"line":188,"column":6},"end":{"line":188,"column":42}},"49":{"start":{"line":190,"column":6},"end":{"line":190,"column":65}},"50":{"start":{"line":194,"column":19},"end":{"line":194,"column":45}},"51":{"start":{"line":195,"column":2},"end":{"line":195,"column":54}},"52":{"start":{"line":195,"column":16},"end":{"line":195,"column":54}},"53":{"start":{"line":197,"column":2},"end":{"line":197,"column":28}},"54":{"start":{"line":200,"column":73},"end":{"line":367,"column":1}},"55":{"start":{"line":203,"column":28},"end":{"line":203,"column":59}},"56":{"start":{"line":204,"column":32},"end":{"line":204,"column":55}},"57":{"start":{"line":206,"column":2},"end":{"line":213,"column":9}},"58":{"start":{"line":207,"column":22},"end":{"line":211,"column":5}},"59":{"start":{"line":208,"column":21},"end":{"line":208,"column":41}},"60":{"start":{"line":209,"column":6},"end":{"line":209,"column":23}},"61":{"start":{"line":210,"column":6},"end":{"line":210,"column":24}},"62":{"start":{"line":212,"column":4},"end":{"line":212,"column":21}},"63":{"start":{"line":215,"column":22},"end":{"line":221,"column":8}},"64":{"start":{"line":216,"column":4},"end":{"line":220,"column":7}},"65":{"start":{"line":217,"column":19},"end":{"line":217,"column":54}},"66":{"start":{"line":218,"column":6},"end":{"line":218,"column":30}},"67":{"start":{"line":219,"column":6},"end":{"line":219,"column":18}},"68":{"start":{"line":223,"column":18},"end":{"line":249,"column":3}},"69":{"start":{"line":225,"column":6},"end":{"line":246,"column":9}},"70":{"start":{"line":226,"column":23},"end":{"line":226,"column":41}},"71":{"start":{"line":227,"column":26},"end":{"line":227,"column":69}},"72":{"start":{"line":228,"column":37},"end":{"line":235,"column":9}},"73":{"start":{"line":237,"column":26},"end":{"line":237,"column":50}},"74":{"start":{"line":238,"column":33},"end":{"line":238,"column":71}},"75":{"start":{"line":239,"column":27},"end":{"line":239,"column":54}},"76":{"start":{"line":241,"column":8},"end":{"line":245,"column":10}},"77":{"start":{"line":251,"column":21},"end":{"line":271,"column":3}},"78":{"start":{"line":253,"column":6},"end":{"line":268,"column":9}},"79":{"start":{"line":254,"column":26},"end":{"line":266,"column":9}},"80":{"start":{"line":255,"column":10},"end":{"line":265,"column":18}},"81":{"start":{"line":267,"column":8},"end":{"line":267,"column":45}},"82":{"start":{"line":273,"column":21},"end":{"line":293,"column":3}},"83":{"start":{"line":275,"column":6},"end":{"line":290,"column":9}},"84":{"start":{"line":276,"column":26},"end":{"line":276,"column":73}},"85":{"start":{"line":276,"column":54},"end":{"line":276,"column":72}},"86":{"start":{"line":277,"column":33},"end":{"line":277,"column":57}},"87":{"start":{"line":278,"column":8},"end":{"line":278,"column":40}},"88":{"start":{"line":280,"column":40},"end":{"line":280,"column":57}},"89":{"start":{"line":281,"column":8},"end":{"line":283,"column":9}},"90":{"start":{"line":282,"column":10},"end":{"line":282,"column":48}},"91":{"start":{"line":285,"column":8},"end":{"line":289,"column":10}},"92":{"start":{"line":295,"column":24},"end":{"line":303,"column":3}},"93":{"start":{"line":297,"column":6},"end":{"line":300,"column":9}},"94":{"start":{"line":298,"column":8},"end":{"line":298,"column":72}},"95":{"start":{"line":298,"column":39},"end":{"line":298,"column":57}},"96":{"start":{"line":298,"column":60},"end":{"line":298,"column":72}},"97":{"start":{"line":299,"column":8},"end":{"line":299,"column":49}},"98":{"start":{"line":305,"column":25},"end":{"line":319,"column":3}},"99":{"start":{"line":307,"column":6},"end":{"line":316,"column":9}},"100":{"start":{"line":308,"column":24},"end":{"line":308,"column":55}},"101":{"start":{"line":309,"column":8},"end":{"line":315,"column":10}},"102":{"start":{"line":321,"column":28},"end":{"line":335,"column":3}},"103":{"start":{"line":323,"column":6},"end":{"line":332,"column":9}},"104":{"start":{"line":324,"column":24},"end":{"line":324,"column":55}},"105":{"start":{"line":325,"column":25},"end":{"line":327,"column":9}},"106":{"start":{"line":326,"column":10},"end":{"line":326,"column":70}},"107":{"start":{"line":328,"column":8},"end":{"line":331,"column":10}},"108":{"start":{"line":337,"column":28},"end":{"line":349,"column":3}},"109":{"start":{"line":339,"column":6},"end":{"line":346,"column":9}},"110":{"start":{"line":340,"column":24},"end":{"line":340,"column":55}},"111":{"start":{"line":341,"column":25},"end":{"line":341,"column":65}},"112":{"start":{"line":341,"column":50},"end":{"line":341,"column":64}},"113":{"start":{"line":342,"column":8},"end":{"line":345,"column":10}},"114":{"start":{"line":351,"column":16},"end":{"line":364,"column":3}},"115":{"start":{"line":352,"column":11},"end":{"line":362,"column":5}},"116":{"start":{"line":366,"column":2},"end":{"line":366,"column":87}},"117":{"start":{"line":369,"column":27},"end":{"line":375,"column":1}},"118":{"start":{"line":370,"column":14},"end":{"line":370,"column":41}},"119":{"start":{"line":371,"column":2},"end":{"line":373,"column":3}},"120":{"start":{"line":372,"column":4},"end":{"line":372,"column":72}},"121":{"start":{"line":374,"column":2},"end":{"line":374,"column":13}},"122":{"start":{"line":377,"column":29},"end":{"line":383,"column":1}},"123":{"start":{"line":378,"column":20},"end":{"line":378,"column":33}},"124":{"start":{"line":379,"column":2},"end":{"line":382,"column":4}},"125":{"start":{"line":380,"column":10},"end":{"line":380,"column":76}},"126":{"start":{"line":380,"column":37},"end":{"line":380,"column":67}},"127":{"start":{"line":385,"column":31},"end":{"line":389,"column":1}},"128":{"start":{"line":386,"column":20},"end":{"line":386,"column":33}},"129":{"start":{"line":387,"column":2},"end":{"line":387,"column":37}},"130":{"start":{"line":387,"column":27},"end":{"line":387,"column":37}},"131":{"start":{"line":388,"column":2},"end":{"line":388,"column":54}}},"fnMap":{"0":{"name":"(anonymous_0)","decl":{"start":{"line":83,"column":21},"end":{"line":83,"column":22}},"loc":{"start":{"line":83,"column":52},"end":{"line":89,"column":1}},"line":83},"1":{"name":"(anonymous_1)","decl":{"start":{"line":91,"column":29},"end":{"line":91,"column":30}},"loc":{"start":{"line":91,"column":66},"end":{"line":98,"column":1}},"line":91},"2":{"name":"(anonymous_2)","decl":{"start":{"line":100,"column":29},"end":{"line":100,"column":30}},"loc":{"start":{"line":100,"column":60},"end":{"line":122,"column":1}},"line":100},"3":{"name":"(anonymous_3)","decl":{"start":{"line":109,"column":26},"end":{"line":109,"column":27}},"loc":{"start":{"line":109,"column":33},"end":{"line":109,"column":64}},"line":109},"4":{"name":"(anonymous_4)","decl":{"start":{"line":114,"column":26},"end":{"line":114,"column":27}},"loc":{"start":{"line":114,"column":36},"end":{"line":119,"column":3}},"line":114},"5":{"name":"(anonymous_5)","decl":{"start":{"line":124,"column":27},"end":{"line":124,"column":28}},"loc":{"start":{"line":124,"column":65},"end":{"line":181,"column":1}},"line":124},"6":{"name":"(anonymous_6)","decl":{"start":{"line":151,"column":44},"end":{"line":151,"column":45}},"loc":{"start":{"line":151,"column":54},"end":{"line":168,"column":3}},"line":151},"7":{"name":"(anonymous_7)","decl":{"start":{"line":153,"column":17},"end":{"line":153,"column":18}},"loc":{"start":{"line":153,"column":27},"end":{"line":167,"column":5}},"line":153},"8":{"name":"(anonymous_8)","decl":{"start":{"line":183,"column":21},"end":{"line":183,"column":22}},"loc":{"start":{"line":183,"column":52},"end":{"line":198,"column":1}},"line":183},"9":{"name":"(anonymous_9)","decl":{"start":{"line":200,"column":73},"end":{"line":200,"column":74}},"loc":{"start":{"line":202,"column":6},"end":{"line":367,"column":1}},"line":202},"10":{"name":"(anonymous_10)","decl":{"start":{"line":206,"column":12},"end":{"line":206,"column":13}},"loc":{"start":{"line":206,"column":18},"end":{"line":213,"column":3}},"line":206},"11":{"name":"(anonymous_11)","decl":{"start":{"line":207,"column":22},"end":{"line":207,"column":23}},"loc":{"start":{"line":207,"column":34},"end":{"line":211,"column":5}},"line":207},"12":{"name":"(anonymous_12)","decl":{"start":{"line":215,"column":34},"end":{"line":215,"column":35}},"loc":{"start":{"line":215,"column":83},"end":{"line":221,"column":3}},"line":215},"13":{"name":"(anonymous_13)","decl":{"start":{"line":216,"column":13},"end":{"line":216,"column":14}},"loc":{"start":{"line":216,"column":23},"end":{"line":220,"column":5}},"line":216},"14":{"name":"(anonymous_14)","decl":{"start":{"line":224,"column":4},"end":{"line":224,"column":5}},"loc":{"start":{"line":224,"column":35},"end":{"line":247,"column":5}},"line":224},"15":{"name":"(anonymous_15)","decl":{"start":{"line":225,"column":24},"end":{"line":225,"column":25}},"loc":{"start":{"line":225,"column":34},"end":{"line":246,"column":7}},"line":225},"16":{"name":"(anonymous_16)","decl":{"start":{"line":252,"column":4},"end":{"line":252,"column":5}},"loc":{"start":{"line":252,"column":73},"end":{"line":269,"column":5}},"line":252},"17":{"name":"(anonymous_17)","decl":{"start":{"line":253,"column":24},"end":{"line":253,"column":25}},"loc":{"start":{"line":253,"column":34},"end":{"line":268,"column":7}},"line":253},"18":{"name":"(anonymous_18)","decl":{"start":{"line":254,"column":41},"end":{"line":254,"column":42}},"loc":{"start":{"line":255,"column":10},"end":{"line":265,"column":18}},"line":255},"19":{"name":"(anonymous_19)","decl":{"start":{"line":274,"column":4},"end":{"line":274,"column":5}},"loc":{"start":{"line":274,"column":30},"end":{"line":291,"column":5}},"line":274},"20":{"name":"(anonymous_20)","decl":{"start":{"line":275,"column":24},"end":{"line":275,"column":25}},"loc":{"start":{"line":275,"column":34},"end":{"line":290,"column":7}},"line":275},"21":{"name":"(anonymous_21)","decl":{"start":{"line":276,"column":44},"end":{"line":276,"column":45}},"loc":{"start":{"line":276,"column":54},"end":{"line":276,"column":72}},"line":276},"22":{"name":"(anonymous_22)","decl":{"start":{"line":296,"column":4},"end":{"line":296,"column":5}},"loc":{"start":{"line":296,"column":30},"end":{"line":301,"column":5}},"line":296},"23":{"name":"(anonymous_23)","decl":{"start":{"line":297,"column":24},"end":{"line":297,"column":25}},"loc":{"start":{"line":297,"column":34},"end":{"line":300,"column":7}},"line":297},"24":{"name":"(anonymous_24)","decl":{"start":{"line":298,"column":29},"end":{"line":298,"column":30}},"loc":{"start":{"line":298,"column":39},"end":{"line":298,"column":57}},"line":298},"25":{"name":"(anonymous_25)","decl":{"start":{"line":306,"column":4},"end":{"line":306,"column":5}},"loc":{"start":{"line":306,"column":56},"end":{"line":317,"column":5}},"line":306},"26":{"name":"(anonymous_26)","decl":{"start":{"line":307,"column":24},"end":{"line":307,"column":25}},"loc":{"start":{"line":307,"column":34},"end":{"line":316,"column":7}},"line":307},"27":{"name":"(anonymous_27)","decl":{"start":{"line":322,"column":4},"end":{"line":322,"column":5}},"loc":{"start":{"line":322,"column":73},"end":{"line":333,"column":5}},"line":322},"28":{"name":"(anonymous_28)","decl":{"start":{"line":323,"column":24},"end":{"line":323,"column":25}},"loc":{"start":{"line":323,"column":34},"end":{"line":332,"column":7}},"line":323},"29":{"name":"(anonymous_29)","decl":{"start":{"line":325,"column":37},"end":{"line":325,"column":38}},"loc":{"start":{"line":326,"column":10},"end":{"line":326,"column":70}},"line":326},"30":{"name":"(anonymous_30)","decl":{"start":{"line":338,"column":4},"end":{"line":338,"column":5}},"loc":{"start":{"line":338,"column":42},"end":{"line":347,"column":5}},"line":338},"31":{"name":"(anonymous_31)","decl":{"start":{"line":339,"column":24},"end":{"line":339,"column":25}},"loc":{"start":{"line":339,"column":34},"end":{"line":346,"column":7}},"line":339},"32":{"name":"(anonymous_32)","decl":{"start":{"line":341,"column":40},"end":{"line":341,"column":41}},"loc":{"start":{"line":341,"column":50},"end":{"line":341,"column":64}},"line":341},"33":{"name":"(anonymous_33)","decl":{"start":{"line":352,"column":4},"end":{"line":352,"column":5}},"loc":{"start":{"line":352,"column":11},"end":{"line":362,"column":5}},"line":352},"34":{"name":"(anonymous_34)","decl":{"start":{"line":369,"column":27},"end":{"line":369,"column":28}},"loc":{"start":{"line":369,"column":55},"end":{"line":375,"column":1}},"line":369},"35":{"name":"(anonymous_35)","decl":{"start":{"line":377,"column":29},"end":{"line":377,"column":30}},"loc":{"start":{"line":377,"column":55},"end":{"line":383,"column":1}},"line":377},"36":{"name":"(anonymous_36)","decl":{"start":{"line":380,"column":4},"end":{"line":380,"column":5}},"loc":{"start":{"line":380,"column":10},"end":{"line":380,"column":76}},"line":380},"37":{"name":"(anonymous_37)","decl":{"start":{"line":380,"column":27},"end":{"line":380,"column":28}},"loc":{"start":{"line":380,"column":37},"end":{"line":380,"column":67}},"line":380},"38":{"name":"(anonymous_38)","decl":{"start":{"line":385,"column":31},"end":{"line":385,"column":32}},"loc":{"start":{"line":385,"column":52},"end":{"line":389,"column":1}},"line":385}},"branchMap":{"0":{"loc":{"start":{"line":92,"column":19},"end":{"line":92,"column":55}},"type":"binary-expr","locations":[{"start":{"line":92,"column":19},"end":{"line":92,"column":33}},{"start":{"line":92,"column":37},"end":{"line":92,"column":55}}],"line":92},"1":{"loc":{"start":{"line":96,"column":9},"end":{"line":96,"column":30}},"type":"binary-expr","locations":[{"start":{"line":96,"column":9},"end":{"line":96,"column":17}},{"start":{"line":96,"column":21},"end":{"line":96,"column":30}}],"line":96},"2":{"loc":{"start":{"line":102,"column":11},"end":{"line":102,"column":28}},"type":"binary-expr","locations":[{"start":{"line":102,"column":11},"end":{"line":102,"column":22}},{"start":{"line":102,"column":26},"end":{"line":102,"column":28}}],"line":102},"3":{"loc":{"start":{"line":103,"column":18},"end":{"line":103,"column":44}},"type":"binary-expr","locations":[{"start":{"line":103,"column":18},"end":{"line":103,"column":36}},{"start":{"line":103,"column":40},"end":{"line":103,"column":44}}],"line":103},"4":{"loc":{"start":{"line":104,"column":18},"end":{"line":104,"column":42}},"type":"binary-expr","locations":[{"start":{"line":104,"column":18},"end":{"line":104,"column":36}},{"start":{"line":104,"column":40},"end":{"line":104,"column":42}}],"line":104},"5":{"loc":{"start":{"line":107,"column":2},"end":{"line":112,"column":3}},"type":"if","locations":[{"start":{"line":107,"column":2},"end":{"line":112,"column":3}},{"start":{},"end":{}}],"line":107},"6":{"loc":{"start":{"line":108,"column":4},"end":{"line":109,"column":65}},"type":"binary-expr","locations":[{"start":{"line":108,"column":4},"end":{"line":108,"column":26}},{"start":{"line":109,"column":4},"end":{"line":109,"column":65}}],"line":108},"7":{"loc":{"start":{"line":111,"column":29},"end":{"line":111,"column":59}},"type":"binary-expr","locations":[{"start":{"line":111,"column":29},"end":{"line":111,"column":51}},{"start":{"line":111,"column":55},"end":{"line":111,"column":59}}],"line":111},"8":{"loc":{"start":{"line":115,"column":4},"end":{"line":117,"column":5}},"type":"if","locations":[{"start":{"line":115,"column":4},"end":{"line":117,"column":5}},{"start":{},"end":{}}],"line":115},"9":{"loc":{"start":{"line":128,"column":2},"end":{"line":128,"column":64}},"type":"if","locations":[{"start":{"line":128,"column":2},"end":{"line":128,"column":64}},{"start":{},"end":{}}],"line":128},"10":{"loc":{"start":{"line":128,"column":6},"end":{"line":128,"column":50}},"type":"binary-expr","locations":[{"start":{"line":128,"column":6},"end":{"line":128,"column":24}},{"start":{"line":128,"column":28},"end":{"line":128,"column":50}}],"line":128},"11":{"loc":{"start":{"line":130,"column":25},"end":{"line":130,"column":76}},"type":"cond-expr","locations":[{"start":{"line":130,"column":45},"end":{"line":130,"column":69}},{"start":{"line":130,"column":72},"end":{"line":130,"column":76}}],"line":130},"12":{"loc":{"start":{"line":131,"column":29},"end":{"line":131,"column":82}},"type":"cond-expr","locations":[{"start":{"line":131,"column":53},"end":{"line":131,"column":77}},{"start":{"line":131,"column":80},"end":{"line":131,"column":82}}],"line":131},"13":{"loc":{"start":{"line":139,"column":15},"end":{"line":139,"column":81}},"type":"binary-expr","locations":[{"start":{"line":139,"column":15},"end":{"line":139,"column":40}},{"start":{"line":139,"column":44},"end":{"line":139,"column":81}}],"line":139},"14":{"loc":{"start":{"line":140,"column":13},"end":{"line":140,"column":44}},"type":"binary-expr","locations":[{"start":{"line":140,"column":13},"end":{"line":140,"column":36}},{"start":{"line":140,"column":40},"end":{"line":140,"column":44}}],"line":140},"15":{"loc":{"start":{"line":142,"column":32},"end":{"line":142,"column":78}},"type":"binary-expr","locations":[{"start":{"line":142,"column":32},"end":{"line":142,"column":72}},{"start":{"line":142,"column":76},"end":{"line":142,"column":78}}],"line":142},"16":{"loc":{"start":{"line":143,"column":17},"end":{"line":143,"column":51}},"type":"binary-expr","locations":[{"start":{"line":143,"column":17},"end":{"line":143,"column":42}},{"start":{"line":143,"column":46},"end":{"line":143,"column":51}}],"line":143},"17":{"loc":{"start":{"line":144,"column":26},"end":{"line":144,"column":68}},"type":"binary-expr","locations":[{"start":{"line":144,"column":26},"end":{"line":144,"column":60}},{"start":{"line":144,"column":64},"end":{"line":144,"column":68}}],"line":144},"18":{"loc":{"start":{"line":145,"column":23},"end":{"line":145,"column":62}},"type":"binary-expr","locations":[{"start":{"line":145,"column":23},"end":{"line":145,"column":54}},{"start":{"line":145,"column":58},"end":{"line":145,"column":62}}],"line":145},"19":{"loc":{"start":{"line":152,"column":4},"end":{"line":152,"column":37}},"type":"if","locations":[{"start":{"line":152,"column":4},"end":{"line":152,"column":37}},{"start":{},"end":{}}],"line":152},"20":{"loc":{"start":{"line":155,"column":18},"end":{"line":155,"column":94}},"type":"cond-expr","locations":[{"start":{"line":155,"column":40},"end":{"line":155,"column":48}},{"start":{"line":155,"column":51},"end":{"line":155,"column":94}}],"line":155},"21":{"loc":{"start":{"line":155,"column":51},"end":{"line":155,"column":94}},"type":"cond-expr","locations":[{"start":{"line":155,"column":75},"end":{"line":155,"column":83}},{"start":{"line":155,"column":86},"end":{"line":155,"column":94}}],"line":155},"22":{"loc":{"start":{"line":157,"column":12},"end":{"line":157,"column":38}},"type":"binary-expr","locations":[{"start":{"line":157,"column":12},"end":{"line":157,"column":28}},{"start":{"line":157,"column":32},"end":{"line":157,"column":38}}],"line":157},"23":{"loc":{"start":{"line":158,"column":14},"end":{"line":158,"column":38}},"type":"binary-expr","locations":[{"start":{"line":158,"column":14},"end":{"line":158,"column":32}},{"start":{"line":158,"column":36},"end":{"line":158,"column":38}}],"line":158},"24":{"loc":{"start":{"line":159,"column":15},"end":{"line":159,"column":40}},"type":"binary-expr","locations":[{"start":{"line":159,"column":15},"end":{"line":159,"column":34}},{"start":{"line":159,"column":38},"end":{"line":159,"column":40}}],"line":159},"25":{"loc":{"start":{"line":164,"column":19},"end":{"line":164,"column":49}},"type":"binary-expr","locations":[{"start":{"line":164,"column":19},"end":{"line":164,"column":42}},{"start":{"line":164,"column":46},"end":{"line":164,"column":49}}],"line":164},"26":{"loc":{"start":{"line":185,"column":2},"end":{"line":192,"column":3}},"type":"if","locations":[{"start":{"line":185,"column":2},"end":{"line":192,"column":3}},{"start":{},"end":{}}],"line":185},"27":{"loc":{"start":{"line":195,"column":2},"end":{"line":195,"column":54}},"type":"if","locations":[{"start":{"line":195,"column":2},"end":{"line":195,"column":54}},{"start":{},"end":{}}],"line":195},"28":{"loc":{"start":{"line":226,"column":23},"end":{"line":226,"column":41}},"type":"binary-expr","locations":[{"start":{"line":226,"column":23},"end":{"line":226,"column":31}},{"start":{"line":226,"column":35},"end":{"line":226,"column":41}}],"line":226},"29":{"loc":{"start":{"line":227,"column":26},"end":{"line":227,"column":69}},"type":"binary-expr","locations":[{"start":{"line":227,"column":26},"end":{"line":227,"column":41}},{"start":{"line":227,"column":45},"end":{"line":227,"column":69}}],"line":227},"30":{"loc":{"start":{"line":239,"column":27},"end":{"line":239,"column":54}},"type":"binary-expr","locations":[{"start":{"line":239,"column":27},"end":{"line":239,"column":44}},{"start":{"line":239,"column":48},"end":{"line":239,"column":54}}],"line":239},"31":{"loc":{"start":{"line":255,"column":10},"end":{"line":265,"column":18}},"type":"cond-expr","locations":[{"start":{"line":256,"column":14},"end":{"line":264,"column":15}},{"start":{"line":265,"column":14},"end":{"line":265,"column":18}}],"line":255},"32":{"loc":{"start":{"line":262,"column":22},"end":{"line":262,"column":44}},"type":"binary-expr","locations":[{"start":{"line":262,"column":22},"end":{"line":262,"column":38}},{"start":{"line":262,"column":42},"end":{"line":262,"column":44}}],"line":262},"33":{"loc":{"start":{"line":281,"column":8},"end":{"line":283,"column":9}},"type":"if","locations":[{"start":{"line":281,"column":8},"end":{"line":283,"column":9}},{"start":{},"end":{}}],"line":281},"34":{"loc":{"start":{"line":282,"column":23},"end":{"line":282,"column":47}},"type":"binary-expr","locations":[{"start":{"line":282,"column":23},"end":{"line":282,"column":39}},{"start":{"line":282,"column":43},"end":{"line":282,"column":47}}],"line":282},"35":{"loc":{"start":{"line":298,"column":8},"end":{"line":298,"column":72}},"type":"if","locations":[{"start":{"line":298,"column":8},"end":{"line":298,"column":72}},{"start":{},"end":{}}],"line":298},"36":{"loc":{"start":{"line":308,"column":24},"end":{"line":308,"column":55}},"type":"binary-expr","locations":[{"start":{"line":308,"column":24},"end":{"line":308,"column":49}},{"start":{"line":308,"column":53},"end":{"line":308,"column":55}}],"line":308},"37":{"loc":{"start":{"line":324,"column":24},"end":{"line":324,"column":55}},"type":"binary-expr","locations":[{"start":{"line":324,"column":24},"end":{"line":324,"column":49}},{"start":{"line":324,"column":53},"end":{"line":324,"column":55}}],"line":324},"38":{"loc":{"start":{"line":326,"column":10},"end":{"line":326,"column":70}},"type":"cond-expr","locations":[{"start":{"line":326,"column":27},"end":{"line":326,"column":63}},{"start":{"line":326,"column":66},"end":{"line":326,"column":70}}],"line":326},"39":{"loc":{"start":{"line":340,"column":24},"end":{"line":340,"column":55}},"type":"binary-expr","locations":[{"start":{"line":340,"column":24},"end":{"line":340,"column":49}},{"start":{"line":340,"column":53},"end":{"line":340,"column":55}}],"line":340},"40":{"loc":{"start":{"line":371,"column":2},"end":{"line":373,"column":3}},"type":"if","locations":[{"start":{"line":371,"column":2},"end":{"line":373,"column":3}},{"start":{},"end":{}}],"line":371},"41":{"loc":{"start":{"line":380,"column":10},"end":{"line":380,"column":76}},"type":"binary-expr","locations":[{"start":{"line":380,"column":10},"end":{"line":380,"column":68}},{"start":{"line":380,"column":72},"end":{"line":380,"column":76}}],"line":380},"42":{"loc":{"start":{"line":387,"column":2},"end":{"line":387,"column":37}},"type":"if","locations":[{"start":{"line":387,"column":2},"end":{"line":387,"column":37}},{"start":{},"end":{}}],"line":387},"43":{"loc":{"start":{"line":388,"column":9},"end":{"line":388,"column":53}},"type":"binary-expr","locations":[{"start":{"line":388,"column":9},"end":{"line":388,"column":47}},{"start":{"line":388,"column":51},"end":{"line":388,"column":53}}],"line":388}},"s":{"0":2,"1":2,"2":2,"3":2,"4":15,"5":15,"6":0,"7":2,"8":5,"9":5,"10":2,"11":19,"12":19,"13":18,"14":0,"15":19,"16":21,"17":0,"18":21,"19":19,"20":2,"21":7,"22":7,"23":7,"24":6,"25":1,"26":1,"27":1,"28":1,"29":1,"30":1,"31":1,"32":1,"33":0,"34":1,"35":1,"36":1,"37":1,"38":1,"39":1,"40":1,"41":1,"42":1,"43":2,"44":11,"45":11,"46":4,"47":4,"48":4,"49":0,"50":7,"51":7,"52":1,"53":6,"54":2,"55":32,"56":32,"57":32,"58":11,"59":11,"60":11,"61":11,"62":11,"63":32,"64":14,"65":14,"66":14,"67":14,"68":32,"69":4,"70":4,"71":4,"72":4,"73":4,"74":4,"75":4,"76":4,"77":32,"78":0,"79":0,"80":0,"81":0,"82":32,"83":2,"84":2,"85":3,"86":2,"87":2,"88":2,"89":2,"90":2,"91":2,"92":32,"93":4,"94":4,"95":5,"96":1,"97":3,"98":32,"99":2,"100":2,"101":2,"102":32,"103":1,"104":1,"105":1,"106":1,"107":1,"108":32,"109":1,"110":1,"111":1,"112":1,"113":1,"114":32,"115":32,"116":32,"117":2,"118":65,"119":64,"120":2,"121":62,"122":2,"123":18,"124":18,"125":18,"126":7,"127":2,"128":2,"129":2,"130":1,"131":1},"f":{"0":15,"1":5,"2":19,"3":18,"4":21,"5":7,"6":1,"7":1,"8":11,"9":32,"10":11,"11":11,"12":14,"13":14,"14":4,"15":4,"16":0,"17":0,"18":0,"19":2,"20":2,"21":3,"22":4,"23":4,"24":5,"25":2,"26":2,"27":1,"28":1,"29":1,"30":1,"31":1,"32":1,"33":32,"34":65,"35":18,"36":18,"37":7,"38":2},"b":{"0":[5,4],"1":[5,4],"2":[19,0],"3":[19,1],"4":[19,0],"5":[0,19],"6":[19,18],"7":[0,0],"8":[0,21],"9":[6,1],"10":[7,6],"11":[1,0],"12":[1,0],"13":[1,0],"14":[1,0],"15":[1,0],"16":[1,0],"17":[1,0],"18":[1,0],"19":[0,1],"20":[1,0],"21":[0,0],"22":[1,0],"23":[1,0],"24":[1,0],"25":[1,0],"26":[4,7],"27":[1,6],"28":[4,1],"29":[4,4],"30":[4,4],"31":[0,0],"32":[0,0],"33":[2,0],"34":[2,1],"35":[1,3],"36":[2,0],"37":[1,0],"38":[1,0],"39":[1,0],"40":[2,62],"41":[18,11],"42":[1,1],"43":[1,0]},"_coverageSchema":"1a1c01bbd47fc00a2c39e90264f33305004495a9","hash":"2d5461c9e4dad2ae672ddac50a138169369b350c"}
,"C:\\Users\\janne\\source\\little-baby-age-expo54\\src\\state\\DateViewContext.tsx": {"path":"C:\\Users\\janne\\source\\little-baby-age-expo54\\src\\state\\DateViewContext.tsx","statementMap":{"0":{"start":{"line":16,"column":24},"end":{"line":16,"column":82}},"1":{"start":{"line":18,"column":30},"end":{"line":22,"column":1}},"2":{"start":{"line":21,"column":2},"end":{"line":21,"column":29}},"3":{"start":{"line":24,"column":73},"end":{"line":54,"column":1}},"4":{"start":{"line":28,"column":16},"end":{"line":28,"column":68}},"5":{"start":{"line":28,"column":30},"end":{"line":28,"column":63}},"6":{"start":{"line":29,"column":42},"end":{"line":29,"column":63}},"7":{"start":{"line":31,"column":33},"end":{"line":35,"column":8}},"8":{"start":{"line":34,"column":4},"end":{"line":34,"column":49}},"9":{"start":{"line":37,"column":23},"end":{"line":41,"column":13}},"10":{"start":{"line":40,"column":4},"end":{"line":40,"column":37}},"11":{"start":{"line":43,"column":16},"end":{"line":51,"column":3}},"12":{"start":{"line":44,"column":11},"end":{"line":49,"column":5}},"13":{"start":{"line":53,"column":2},"end":{"line":53,"column":87}},"14":{"start":{"line":56,"column":34},"end":{"line":62,"column":1}},"15":{"start":{"line":57,"column":18},"end":{"line":57,"column":45}},"16":{"start":{"line":58,"column":2},"end":{"line":60,"column":3}},"17":{"start":{"line":59,"column":4},"end":{"line":59,"column":81}},"18":{"start":{"line":61,"column":2},"end":{"line":61,"column":17}}},"fnMap":{"0":{"name":"(anonymous_0)","decl":{"start":{"line":18,"column":30},"end":{"line":18,"column":31}},"loc":{"start":{"line":18,"column":52},"end":{"line":22,"column":1}},"line":18},"1":{"name":"(anonymous_1)","decl":{"start":{"line":24,"column":73},"end":{"line":24,"column":74}},"loc":{"start":{"line":24,"column":91},"end":{"line":54,"column":1}},"line":24},"2":{"name":"(anonymous_2)","decl":{"start":{"line":28,"column":24},"end":{"line":28,"column":25}},"loc":{"start":{"line":28,"column":30},"end":{"line":28,"column":63}},"line":28},"3":{"name":"(anonymous_3)","decl":{"start":{"line":31,"column":45},"end":{"line":31,"column":46}},"loc":{"start":{"line":31,"column":61},"end":{"line":35,"column":3}},"line":31},"4":{"name":"(anonymous_4)","decl":{"start":{"line":37,"column":35},"end":{"line":37,"column":36}},"loc":{"start":{"line":37,"column":41},"end":{"line":41,"column":3}},"line":37},"5":{"name":"(anonymous_5)","decl":{"start":{"line":44,"column":4},"end":{"line":44,"column":5}},"loc":{"start":{"line":44,"column":11},"end":{"line":49,"column":5}},"line":44},"6":{"name":"(anonymous_6)","decl":{"start":{"line":56,"column":34},"end":{"line":56,"column":35}},"loc":{"start":{"line":56,"column":62},"end":{"line":62,"column":1}},"line":56}},"branchMap":{"0":{"loc":{"start":{"line":58,"column":2},"end":{"line":60,"column":3}},"type":"if","locations":[{"start":{"line":58,"column":2},"end":{"line":60,"column":3}},{"start":{},"end":{}}],"line":58}},"s":{"0":1,"1":1,"2":5,"3":1,"4":6,"5":3,"6":6,"7":6,"8":2,"9":6,"10":1,"11":6,"12":6,"13":6,"14":1,"15":9,"16":8,"17":2,"18":6},"f":{"0":5,"1":6,"2":3,"3":2,"4":1,"5":6,"6":9},"b":{"0":[2,6]},"_coverageSchema":"1a1c01bbd47fc00a2c39e90264f33305004495a9","hash":"bef771d4b0c64b7a3f1ce1f4ca8dbc493f5d6619"}
,"C:\\Users\\janne\\source\\little-baby-age-expo54\\src\\storage\\storage.ts": {"path":"C:\\Users\\janne\\source\\little-baby-age-expo54\\src\\storage\\storage.ts","statementMap":{"0":{"start":{"line":6,"column":28},"end":{"line":9,"column":1}},"1":{"start":{"line":12,"column":39},"end":{"line":17,"column":1}},"2":{"start":{"line":19,"column":47},"end":{"line":19,"column":49}},"3":{"start":{"line":21,"column":18},"end":{"line":29,"column":1}},"4":{"start":{"line":22,"column":2},"end":{"line":22,"column":28}},"5":{"start":{"line":22,"column":12},"end":{"line":22,"column":28}},"6":{"start":{"line":23,"column":2},"end":{"line":28,"column":3}},"7":{"start":{"line":24,"column":4},"end":{"line":24,"column":32}},"8":{"start":{"line":26,"column":4},"end":{"line":26,"column":55}},"9":{"start":{"line":27,"column":4},"end":{"line":27,"column":20}},"10":{"start":{"line":31,"column":17},"end":{"line":39,"column":1}},"11":{"start":{"line":32,"column":2},"end":{"line":38,"column":3}},"12":{"start":{"line":33,"column":23},"end":{"line":33,"column":44}},"13":{"start":{"line":34,"column":4},"end":{"line":34,"column":48}},"14":{"start":{"line":36,"column":4},"end":{"line":36,"column":53}},"15":{"start":{"line":37,"column":4},"end":{"line":37,"column":16}},"16":{"start":{"line":41,"column":25},"end":{"line":43,"column":1}},"17":{"start":{"line":42,"column":2},"end":{"line":42,"column":55}},"18":{"start":{"line":45,"column":25},"end":{"line":46,"column":48}},"19":{"start":{"line":46,"column":2},"end":{"line":46,"column":48}},"20":{"start":{"line":48,"column":29},"end":{"line":55,"column":1}},"21":{"start":{"line":49,"column":2},"end":{"line":54,"column":3}},"22":{"start":{"line":50,"column":4},"end":{"line":50,"column":39}},"23":{"start":{"line":52,"column":4},"end":{"line":52,"column":78}},"24":{"start":{"line":53,"column":4},"end":{"line":53,"column":16}},"25":{"start":{"line":57,"column":25},"end":{"line":61,"column":1}},"26":{"start":{"line":58,"column":18},"end":{"line":58,"column":41}},"27":{"start":{"line":59,"column":18},"end":{"line":59,"column":41}},"28":{"start":{"line":60,"column":2},"end":{"line":60,"column":63}},"29":{"start":{"line":63,"column":20},"end":{"line":72,"column":1}},"30":{"start":{"line":64,"column":2},"end":{"line":64,"column":80}},"31":{"start":{"line":64,"column":67},"end":{"line":64,"column":80}},"32":{"start":{"line":65,"column":2},"end":{"line":71,"column":5}},"33":{"start":{"line":66,"column":4},"end":{"line":66,"column":44}},"34":{"start":{"line":66,"column":31},"end":{"line":66,"column":44}},"35":{"start":{"line":67,"column":4},"end":{"line":70,"column":7}},"36":{"start":{"line":68,"column":18},"end":{"line":68,"column":37}},"37":{"start":{"line":69,"column":6},"end":{"line":69,"column":84}},"38":{"start":{"line":74,"column":21},"end":{"line":113,"column":1}},"39":{"start":{"line":75,"column":14},"end":{"line":75,"column":38}},"40":{"start":{"line":76,"column":38},"end":{"line":76,"column":40}},"41":{"start":{"line":78,"column":18},"end":{"line":87,"column":3}},"42":{"start":{"line":79,"column":26},"end":{"line":79,"column":55}},"43":{"start":{"line":80,"column":4},"end":{"line":80,"column":31}},"44":{"start":{"line":80,"column":24},"end":{"line":80,"column":31}},"45":{"start":{"line":81,"column":21},"end":{"line":83,"column":47}},"46":{"start":{"line":82,"column":24},"end":{"line":82,"column":43}},"47":{"start":{"line":83,"column":20},"end":{"line":83,"column":46}},"48":{"start":{"line":84,"column":4},"end":{"line":86,"column":5}},"49":{"start":{"line":85,"column":6},"end":{"line":85,"column":42}},"50":{"start":{"line":89,"column":2},"end":{"line":109,"column":3}},"51":{"start":{"line":90,"column":4},"end":{"line":92,"column":7}},"52":{"start":{"line":91,"column":6},"end":{"line":91,"column":46}},"53":{"start":{"line":93,"column":9},"end":{"line":109,"column":3}},"54":{"start":{"line":99,"column":17},"end":{"line":99,"column":61}},"55":{"start":{"line":100,"column":4},"end":{"line":103,"column":7}},"56":{"start":{"line":101,"column":6},"end":{"line":101,"column":30}},"57":{"start":{"line":101,"column":23},"end":{"line":101,"column":30}},"58":{"start":{"line":102,"column":6},"end":{"line":102,"column":33}},"59":{"start":{"line":104,"column":9},"end":{"line":109,"column":3}},"60":{"start":{"line":105,"column":4},"end":{"line":108,"column":7}},"61":{"start":{"line":106,"column":6},"end":{"line":106,"column":30}},"62":{"start":{"line":106,"column":23},"end":{"line":106,"column":30}},"63":{"start":{"line":107,"column":6},"end":{"line":107,"column":33}},"64":{"start":{"line":111,"column":2},"end":{"line":111,"column":36}},"65":{"start":{"line":112,"column":2},"end":{"line":112,"column":19}},"66":{"start":{"line":117,"column":32},"end":{"line":121,"column":1}},"67":{"start":{"line":118,"column":14},"end":{"line":118,"column":67}},"68":{"start":{"line":119,"column":17},"end":{"line":119,"column":113}},"69":{"start":{"line":120,"column":2},"end":{"line":120,"column":44}},"70":{"start":{"line":123,"column":32},"end":{"line":127,"column":1}},"71":{"start":{"line":124,"column":14},"end":{"line":124,"column":71}},"72":{"start":{"line":125,"column":17},"end":{"line":125,"column":62}},"73":{"start":{"line":126,"column":2},"end":{"line":126,"column":30}}},"fnMap":{"0":{"name":"(anonymous_0)","decl":{"start":{"line":21,"column":18},"end":{"line":21,"column":19}},"loc":{"start":{"line":21,"column":61},"end":{"line":29,"column":1}},"line":21},"1":{"name":"(anonymous_1)","decl":{"start":{"line":31,"column":17},"end":{"line":31,"column":18}},"loc":{"start":{"line":31,"column":71},"end":{"line":39,"column":1}},"line":31},"2":{"name":"(anonymous_2)","decl":{"start":{"line":41,"column":25},"end":{"line":41,"column":26}},"loc":{"start":{"line":41,"column":75},"end":{"line":43,"column":1}},"line":41},"3":{"name":"(anonymous_3)","decl":{"start":{"line":45,"column":25},"end":{"line":45,"column":26}},"loc":{"start":{"line":46,"column":2},"end":{"line":46,"column":48}},"line":46},"4":{"name":"(anonymous_4)","decl":{"start":{"line":48,"column":29},"end":{"line":48,"column":30}},"loc":{"start":{"line":48,"column":67},"end":{"line":55,"column":1}},"line":48},"5":{"name":"(anonymous_5)","decl":{"start":{"line":57,"column":25},"end":{"line":57,"column":26}},"loc":{"start":{"line":57,"column":76},"end":{"line":61,"column":1}},"line":57},"6":{"name":"(anonymous_6)","decl":{"start":{"line":63,"column":20},"end":{"line":63,"column":21}},"loc":{"start":{"line":63,"column":67},"end":{"line":72,"column":1}},"line":63},"7":{"name":"(anonymous_7)","decl":{"start":{"line":65,"column":64},"end":{"line":65,"column":65}},"loc":{"start":{"line":65,"column":80},"end":{"line":71,"column":3}},"line":65},"8":{"name":"(anonymous_8)","decl":{"start":{"line":67,"column":23},"end":{"line":67,"column":24}},"loc":{"start":{"line":67,"column":33},"end":{"line":70,"column":5}},"line":67},"9":{"name":"(anonymous_9)","decl":{"start":{"line":74,"column":21},"end":{"line":74,"column":22}},"loc":{"start":{"line":74,"column":74},"end":{"line":113,"column":1}},"line":74},"10":{"name":"(anonymous_10)","decl":{"start":{"line":78,"column":18},"end":{"line":78,"column":19}},"loc":{"start":{"line":78,"column":60},"end":{"line":87,"column":3}},"line":78},"11":{"name":"(anonymous_11)","decl":{"start":{"line":82,"column":14},"end":{"line":82,"column":15}},"loc":{"start":{"line":82,"column":24},"end":{"line":82,"column":43}},"line":82},"12":{"name":"(anonymous_12)","decl":{"start":{"line":83,"column":11},"end":{"line":83,"column":12}},"loc":{"start":{"line":83,"column":20},"end":{"line":83,"column":46}},"line":83},"13":{"name":"(anonymous_13)","decl":{"start":{"line":90,"column":34},"end":{"line":90,"column":35}},"loc":{"start":{"line":90,"column":55},"end":{"line":92,"column":5}},"line":90},"14":{"name":"(anonymous_14)","decl":{"start":{"line":100,"column":17},"end":{"line":100,"column":18}},"loc":{"start":{"line":100,"column":27},"end":{"line":103,"column":5}},"line":100},"15":{"name":"(anonymous_15)","decl":{"start":{"line":105,"column":37},"end":{"line":105,"column":38}},"loc":{"start":{"line":105,"column":47},"end":{"line":108,"column":5}},"line":105},"16":{"name":"(anonymous_16)","decl":{"start":{"line":117,"column":32},"end":{"line":117,"column":33}},"loc":{"start":{"line":117,"column":117},"end":{"line":121,"column":1}},"line":117},"17":{"name":"(anonymous_17)","decl":{"start":{"line":123,"column":32},"end":{"line":123,"column":33}},"loc":{"start":{"line":123,"column":71},"end":{"line":127,"column":1}},"line":123}},"branchMap":{"0":{"loc":{"start":{"line":22,"column":2},"end":{"line":22,"column":28}},"type":"if","locations":[{"start":{"line":22,"column":2},"end":{"line":22,"column":28}},{"start":{},"end":{}}],"line":22},"1":{"loc":{"start":{"line":58,"column":18},"end":{"line":58,"column":41}},"type":"binary-expr","locations":[{"start":{"line":58,"column":18},"end":{"line":58,"column":34}},{"start":{"line":58,"column":38},"end":{"line":58,"column":41}}],"line":58},"2":{"loc":{"start":{"line":59,"column":18},"end":{"line":59,"column":41}},"type":"binary-expr","locations":[{"start":{"line":59,"column":18},"end":{"line":59,"column":34}},{"start":{"line":59,"column":38},"end":{"line":59,"column":41}}],"line":59},"3":{"loc":{"start":{"line":64,"column":2},"end":{"line":64,"column":80}},"type":"if","locations":[{"start":{"line":64,"column":2},"end":{"line":64,"column":80}},{"start":{},"end":{}}],"line":64},"4":{"loc":{"start":{"line":64,"column":6},"end":{"line":64,"column":65}},"type":"binary-expr","locations":[{"start":{"line":64,"column":6},"end":{"line":64,"column":12}},{"start":{"line":64,"column":16},"end":{"line":64,"column":41}},{"start":{"line":64,"column":45},"end":{"line":64,"column":65}}],"line":64},"5":{"loc":{"start":{"line":66,"column":4},"end":{"line":66,"column":44}},"type":"if","locations":[{"start":{"line":66,"column":4},"end":{"line":66,"column":44}},{"start":{},"end":{}}],"line":66},"6":{"loc":{"start":{"line":69,"column":13},"end":{"line":69,"column":83}},"type":"binary-expr","locations":[{"start":{"line":69,"column":13},"end":{"line":69,"column":36}},{"start":{"line":69,"column":40},"end":{"line":69,"column":51}},{"start":{"line":69,"column":55},"end":{"line":69,"column":83}}],"line":69},"7":{"loc":{"start":{"line":80,"column":4},"end":{"line":80,"column":31}},"type":"if","locations":[{"start":{"line":80,"column":4},"end":{"line":80,"column":31}},{"start":{},"end":{}}],"line":80},"8":{"loc":{"start":{"line":84,"column":4},"end":{"line":86,"column":5}},"type":"if","locations":[{"start":{"line":84,"column":4},"end":{"line":86,"column":5}},{"start":{},"end":{}}],"line":84},"9":{"loc":{"start":{"line":89,"column":2},"end":{"line":109,"column":3}},"type":"if","locations":[{"start":{"line":89,"column":2},"end":{"line":109,"column":3}},{"start":{"line":93,"column":9},"end":{"line":109,"column":3}}],"line":89},"10":{"loc":{"start":{"line":93,"column":9},"end":{"line":109,"column":3}},"type":"if","locations":[{"start":{"line":93,"column":9},"end":{"line":109,"column":3}},{"start":{"line":104,"column":9},"end":{"line":109,"column":3}}],"line":93},"11":{"loc":{"start":{"line":94,"column":4},"end":{"line":97,"column":46}},"type":"binary-expr","locations":[{"start":{"line":94,"column":4},"end":{"line":94,"column":9}},{"start":{"line":95,"column":4},"end":{"line":95,"column":29}},{"start":{"line":96,"column":4},"end":{"line":96,"column":25}},{"start":{"line":97,"column":4},"end":{"line":97,"column":46}}],"line":94},"12":{"loc":{"start":{"line":101,"column":6},"end":{"line":101,"column":30}},"type":"if","locations":[{"start":{"line":101,"column":6},"end":{"line":101,"column":30}},{"start":{},"end":{}}],"line":101},"13":{"loc":{"start":{"line":104,"column":9},"end":{"line":109,"column":3}},"type":"if","locations":[{"start":{"line":104,"column":9},"end":{"line":109,"column":3}},{"start":{},"end":{}}],"line":104},"14":{"loc":{"start":{"line":106,"column":6},"end":{"line":106,"column":30}},"type":"if","locations":[{"start":{"line":106,"column":6},"end":{"line":106,"column":30}},{"start":{},"end":{}}],"line":106}},"s":{"0":2,"1":2,"2":2,"3":2,"4":3,"5":0,"6":3,"7":3,"8":1,"9":1,"10":2,"11":1,"12":1,"13":1,"14":0,"15":0,"16":2,"17":1,"18":2,"19":3,"20":2,"21":3,"22":3,"23":2,"24":2,"25":2,"26":1,"27":1,"28":1,"29":2,"30":1,"31":1,"32":0,"33":0,"34":0,"35":0,"36":0,"37":0,"38":2,"39":1,"40":1,"41":1,"42":3,"43":3,"44":2,"45":1,"46":1,"47":1,"48":1,"49":1,"50":1,"51":0,"52":0,"53":1,"54":0,"55":0,"56":0,"57":0,"58":0,"59":1,"60":1,"61":3,"62":0,"63":3,"64":1,"65":1,"66":2,"67":2,"68":2,"69":2,"70":2,"71":1,"72":1,"73":1},"f":{"0":3,"1":1,"2":1,"3":3,"4":3,"5":1,"6":1,"7":0,"8":0,"9":1,"10":3,"11":1,"12":1,"13":0,"14":0,"15":3,"16":2,"17":1},"b":{"0":[0,3],"1":[1,0],"2":[1,1],"3":[1,0],"4":[1,1,1],"5":[0,0],"6":[0,0,0],"7":[2,1],"8":[1,0],"9":[0,1],"10":[0,1],"11":[1,1,1,0],"12":[0,0],"13":[1,0],"14":[0,3]},"_coverageSchema":"1a1c01bbd47fc00a2c39e90264f33305004495a9","hash":"a39b2a99ba641f13089717337ba3030d895f67e8"}
,"C:\\Users\\janne\\source\\little-baby-age-expo54\\src\\utils\\ageLabelNormalization.ts": {"path":"C:\\Users\\janne\\source\\little-baby-age-expo54\\src\\utils\\ageLabelNormalization.ts","statementMap":{"0":{"start":{"line":5,"column":40},"end":{"line":8,"column":1}},"1":{"start":{"line":6,"column":2},"end":{"line":6,"column":33}},"2":{"start":{"line":6,"column":21},"end":{"line":6,"column":33}},"3":{"start":{"line":7,"column":2},"end":{"line":7,"column":43}},"4":{"start":{"line":14,"column":37},"end":{"line":23,"column":1}},"5":{"start":{"line":17,"column":2},"end":{"line":17,"column":33}},"6":{"start":{"line":17,"column":21},"end":{"line":17,"column":33}},"7":{"start":{"line":18,"column":2},"end":{"line":21,"column":3}},"8":{"start":{"line":19,"column":20},"end":{"line":19,"column":32}},"9":{"start":{"line":20,"column":4},"end":{"line":20,"column":47}},"10":{"start":{"line":22,"column":2},"end":{"line":22,"column":15}}},"fnMap":{"0":{"name":"(anonymous_0)","decl":{"start":{"line":5,"column":40},"end":{"line":5,"column":41}},"loc":{"start":{"line":5,"column":93},"end":{"line":8,"column":1}},"line":5},"1":{"name":"(anonymous_1)","decl":{"start":{"line":14,"column":37},"end":{"line":14,"column":38}},"loc":{"start":{"line":16,"column":29},"end":{"line":23,"column":1}},"line":16}},"branchMap":{"0":{"loc":{"start":{"line":6,"column":2},"end":{"line":6,"column":33}},"type":"if","locations":[{"start":{"line":6,"column":2},"end":{"line":6,"column":33}},{"start":{},"end":{}}],"line":6},"1":{"loc":{"start":{"line":17,"column":2},"end":{"line":17,"column":33}},"type":"if","locations":[{"start":{"line":17,"column":2},"end":{"line":17,"column":33}},{"start":{},"end":{}}],"line":17},"2":{"loc":{"start":{"line":18,"column":2},"end":{"line":21,"column":3}},"type":"if","locations":[{"start":{"line":18,"column":2},"end":{"line":21,"column":3}},{"start":{},"end":{}}],"line":18},"3":{"loc":{"start":{"line":20,"column":11},"end":{"line":20,"column":46}},"type":"cond-expr","locations":[{"start":{"line":20,"column":32},"end":{"line":20,"column":39}},{"start":{"line":20,"column":42},"end":{"line":20,"column":46}}],"line":20}},"s":{"0":2,"1":4,"2":0,"3":4,"4":2,"5":18,"6":7,"7":11,"8":10,"9":10,"10":1},"f":{"0":4,"1":18},"b":{"0":[0,4],"1":[7,11],"2":[10,1],"3":[9,1]},"_coverageSchema":"1a1c01bbd47fc00a2c39e90264f33305004495a9","hash":"d6efe95b6724c0bf8bffb75aea62a932d87aaec2"}
,"C:\\Users\\janne\\source\\little-baby-age-expo54\\src\\utils\\dateUtils.ts": {"path":"C:\\Users\\janne\\source\\little-baby-age-expo54\\src\\utils\\dateUtils.ts","statementMap":{"0":{"start":{"line":11,"column":19},"end":{"line":11,"column":38}},"1":{"start":{"line":12,"column":20},"end":{"line":12,"column":41}},"2":{"start":{"line":14,"column":31},"end":{"line":15,"column":54}},"3":{"start":{"line":15,"column":2},"end":{"line":15,"column":54}},"4":{"start":{"line":17,"column":20},"end":{"line":18,"column":36}},"5":{"start":{"line":18,"column":2},"end":{"line":18,"column":36}},"6":{"start":{"line":20,"column":27},"end":{"line":35,"column":1}},"7":{"start":{"line":21,"column":2},"end":{"line":21,"column":45}},"8":{"start":{"line":21,"column":33},"end":{"line":21,"column":45}},"9":{"start":{"line":23,"column":20},"end":{"line":23,"column":50}},"10":{"start":{"line":24,"column":17},"end":{"line":24,"column":38}},"11":{"start":{"line":26,"column":2},"end":{"line":32,"column":3}},"12":{"start":{"line":31,"column":4},"end":{"line":31,"column":16}},"13":{"start":{"line":34,"column":2},"end":{"line":34,"column":16}},"14":{"start":{"line":37,"column":34},"end":{"line":50,"column":1}},"15":{"start":{"line":38,"column":2},"end":{"line":41,"column":3}},"16":{"start":{"line":39,"column":4},"end":{"line":39,"column":64}},"17":{"start":{"line":40,"column":4},"end":{"line":40,"column":25}},"18":{"start":{"line":43,"column":17},"end":{"line":43,"column":44}},"19":{"start":{"line":44,"column":2},"end":{"line":47,"column":3}},"20":{"start":{"line":45,"column":4},"end":{"line":45,"column":66}},"21":{"start":{"line":46,"column":4},"end":{"line":46,"column":25}},"22":{"start":{"line":49,"column":2},"end":{"line":49,"column":16}},"23":{"start":{"line":52,"column":33},"end":{"line":56,"column":1}},"24":{"start":{"line":53,"column":17},"end":{"line":53,"column":61}},"25":{"start":{"line":54,"column":2},"end":{"line":54,"column":28}},"26":{"start":{"line":54,"column":14},"end":{"line":54,"column":28}},"27":{"start":{"line":55,"column":2},"end":{"line":55,"column":33}},"28":{"start":{"line":58,"column":29},"end":{"line":63,"column":1}},"29":{"start":{"line":59,"column":2},"end":{"line":61,"column":3}},"30":{"start":{"line":60,"column":4},"end":{"line":60,"column":25}},"31":{"start":{"line":62,"column":2},"end":{"line":62,"column":71}},"32":{"start":{"line":65,"column":31},"end":{"line":74,"column":1}},"33":{"start":{"line":66,"column":2},"end":{"line":68,"column":3}},"34":{"start":{"line":67,"column":4},"end":{"line":67,"column":62}},"35":{"start":{"line":69,"column":12},"end":{"line":69,"column":31}},"36":{"start":{"line":70,"column":15},"end":{"line":70,"column":30}},"37":{"start":{"line":71,"column":16},"end":{"line":71,"column":57}},"38":{"start":{"line":72,"column":14},"end":{"line":72,"column":50}},"39":{"start":{"line":73,"column":2},"end":{"line":73,"column":35}},"40":{"start":{"line":76,"column":28},"end":{"line":76,"column":84}},"41":{"start":{"line":76,"column":42},"end":{"line":76,"column":84}},"42":{"start":{"line":78,"column":18},"end":{"line":79,"column":63}},"43":{"start":{"line":79,"column":2},"end":{"line":79,"column":63}},"44":{"start":{"line":81,"column":25},"end":{"line":93,"column":1}},"45":{"start":{"line":82,"column":19},"end":{"line":82,"column":37}},"46":{"start":{"line":83,"column":20},"end":{"line":83,"column":35}},"47":{"start":{"line":84,"column":18},"end":{"line":84,"column":32}},"48":{"start":{"line":86,"column":22},"end":{"line":86,"column":45}},"49":{"start":{"line":87,"column":21},"end":{"line":87,"column":60}},"50":{"start":{"line":88,"column":22},"end":{"line":88,"column":52}},"51":{"start":{"line":89,"column":17},"end":{"line":89,"column":57}},"52":{"start":{"line":90,"column":21},"end":{"line":90,"column":46}},"53":{"start":{"line":92,"column":2},"end":{"line":92,"column":55}},"54":{"start":{"line":95,"column":24},"end":{"line":119,"column":1}},"55":{"start":{"line":96,"column":2},"end":{"line":98,"column":3}},"56":{"start":{"line":97,"column":4},"end":{"line":97,"column":44}},"57":{"start":{"line":100,"column":2},"end":{"line":102,"column":3}},"58":{"start":{"line":101,"column":4},"end":{"line":101,"column":44}},"59":{"start":{"line":105,"column":4},"end":{"line":105,"column":88}},"60":{"start":{"line":107,"column":15},"end":{"line":107,"column":51}},"61":{"start":{"line":108,"column":2},"end":{"line":111,"column":3}},"62":{"start":{"line":109,"column":4},"end":{"line":109,"column":21}},"63":{"start":{"line":110,"column":4},"end":{"line":110,"column":50}},"64":{"start":{"line":113,"column":15},"end":{"line":113,"column":42}},"65":{"start":{"line":114,"column":2},"end":{"line":118,"column":4}},"66":{"start":{"line":121,"column":18},"end":{"line":127,"column":1}},"67":{"start":{"line":122,"column":2},"end":{"line":125,"column":3}},"68":{"start":{"line":123,"column":24},"end":{"line":123,"column":55}},"69":{"start":{"line":124,"column":4},"end":{"line":124,"column":44}},"70":{"start":{"line":126,"column":2},"end":{"line":126,"column":58}},"71":{"start":{"line":129,"column":29},"end":{"line":130,"column":33}},"72":{"start":{"line":130,"column":2},"end":{"line":130,"column":33}},"73":{"start":{"line":132,"column":35},"end":{"line":135,"column":2}},"74":{"start":{"line":132,"column":96},"end":{"line":135,"column":1}},"75":{"start":{"line":137,"column":38},"end":{"line":147,"column":1}},"76":{"start":{"line":142,"column":22},"end":{"line":142,"column":48}},"77":{"start":{"line":143,"column":2},"end":{"line":145,"column":3}},"78":{"start":{"line":144,"column":4},"end":{"line":144,"column":60}},"79":{"start":{"line":146,"column":2},"end":{"line":146,"column":58}},"80":{"start":{"line":149,"column":26},"end":{"line":149,"column":86}},"81":{"start":{"line":149,"column":67},"end":{"line":149,"column":86}},"82":{"start":{"line":151,"column":31},"end":{"line":160,"column":1}},"83":{"start":{"line":155,"column":2},"end":{"line":155,"column":40}},"84":{"start":{"line":155,"column":28},"end":{"line":155,"column":40}},"85":{"start":{"line":156,"column":17},"end":{"line":156,"column":48}},"86":{"start":{"line":157,"column":2},"end":{"line":157,"column":41}},"87":{"start":{"line":157,"column":28},"end":{"line":157,"column":41}},"88":{"start":{"line":158,"column":2},"end":{"line":158,"column":61}},"89":{"start":{"line":158,"column":48},"end":{"line":158,"column":
[...]
,"locations":[{"start":{"line":308,"column":31},"end":{"line":308,"column":40}},{"start":{"line":308,"column":44},"end":{"line":308,"column":61}}],"line":308},"51":{"loc":{"start":{"line":310,"column":6},"end":{"line":311,"column":124}},"type":"binary-expr","locations":[{"start":{"line":310,"column":6},"end":{"line":311,"column":110}},{"start":{"line":311,"column":114},"end":{"line":311,"column":124}}],"line":310},"52":{"loc":{"start":{"line":310,"column":14},"end":{"line":311,"column":109}},"type":"binary-expr","locations":[{"start":{"line":310,"column":14},"end":{"line":310,"column":21}},{"start":{"line":310,"column":25},"end":{"line":310,"column":40}},{"start":{"line":311,"column":6},"end":{"line":311,"column":109}}],"line":310},"53":{"loc":{"start":{"line":313,"column":29},"end":{"line":313,"column":103}},"type":"binary-expr","locations":[{"start":{"line":313,"column":29},"end":{"line":313,"column":64}},{"start":{"line":313,"column":68},"end":{"line":313,"column":103}}],"line":313},"54":{"loc":{"start":{"line":314,"column":37},"end":{"line":314,"column":95}},"type":"cond-expr","locations":[{"start":{"line":314,"column":47},"end":{"line":314,"column":90}},{"start":{"line":314,"column":93},"end":{"line":314,"column":95}}],"line":314},"55":{"loc":{"start":{"line":316,"column":6},"end":{"line":318,"column":12}},"type":"cond-expr","locations":[{"start":{"line":317,"column":10},"end":{"line":317,"column":58}},{"start":{"line":318,"column":10},"end":{"line":318,"column":12}}],"line":316},"56":{"loc":{"start":{"line":316,"column":6},"end":{"line":316,"column":55}},"type":"binary-expr","locations":[{"start":{"line":316,"column":6},"end":{"line":316,"column":22}},{"start":{"line":316,"column":26},"end":{"line":316,"column":55}}],"line":316},"57":{"loc":{"start":{"line":321,"column":6},"end":{"line":323,"column":84}},"type":"binary-expr","locations":[{"start":{"line":321,"column":6},"end":{"line":321,"column":27}},{"start":{"line":322,"column":7},"end":{"line":322,"column":39}},{"start":{"line":323,"column":9},"end":{"line":323,"column":42}},{"start":{"line":323,"column":46},"end":{"line":323,"column":82}}],"line":321},"58":{"loc":{"start":{"line":325,"column":29},"end":{"line":325,"column":65}},"type":"binary-expr","locations":[{"start":{"line":325,"column":29},"end":{"line":325,"column":45}},{"start":{"line":325,"column":49},"end":{"line":325,"column":65}}],"line":325},"59":{"loc":{"start":{"line":327,"column":31},"end":{"line":327,"column":109}},"type":"binary-expr","locations":[{"start":{"line":327,"column":31},"end":{"line":327,"column":68}},{"start":{"line":327,"column":72},"end":{"line":327,"column":109}}],"line":327},"60":{"loc":{"start":{"line":329,"column":6},"end":{"line":329,"column":100}},"type":"binary-expr","locations":[{"start":{"line":329,"column":6},"end":{"line":329,"column":51}},{"start":{"line":329,"column":55},"end":{"line":329,"column":100}}],"line":329},"61":{"loc":{"start":{"line":331,"column":6},"end":{"line":333,"column":36}},"type":"binary-expr","locations":[{"start":{"line":331,"column":6},"end":{"line":331,"column":24}},{"start":{"line":332,"column":8},"end":{"line":332,"column":34}},{"start":{"line":332,"column":38},"end":{"line":332,"column":107}},{"start":{"line":333,"column":8},"end":{"line":333,"column":35}}],"line":331},"62":{"loc":{"start":{"line":336,"column":6},"end":{"line":355,"column":14}},"type":"cond-expr","locations":[{"start":{"line":337,"column":10},"end":{"line":354,"column":11}},{"start":{"line":355,"column":10},"end":{"line":355,"column":14}}],"line":336},"63":{"loc":{"start":{"line":336,"column":6},"end":{"line":336,"column":81}},"type":"binary-expr","locations":[{"start":{"line":336,"column":6},"end":{"line":336,"column":13}},{"start":{"line":336,"column":18},"end":{"line":336,"column":38}},{"start":{"line":336,"column":42},"end":{"line":336,"column":58}},{"start":{"line":336,"column":62},"end":{"line":336,"column":80}}],"line":336},"64":{"loc":{"start":{"line":338,"column":27},"end":{"line":340,"column":25}},"type":"cond-expr","locations":[{"start":{"line":339,"column":16},"end":{"line":339,"column":88}},{"start":{"line":340,"column":16},"end":{"line":340,"column":25}}],"line":338},"65":{"loc":{"start":{"line":341,"column":23},"end":{"line":350,"column":25}},"type":"cond-expr","locations":[{"start":{"line":342,"column":16},"end":{"line":349,"column":20}},{"start":{"line":350,"column":16},"end":{"line":350,"column":25}}],"line":341},"66":{"loc":{"start":{"line":351,"column":25},"end":{"line":353,"column":25}},"type":"cond-expr","locations":[{"start":{"line":352,"column":16},"end":{"line":352,"column":53}},{"start":{"line":353,"column":16},"end":{"line":353,"column":25}}],"line":351},"67":{"loc":{"start":{"line":357,"column":4},"end":{"line":359,"column":5}},"type":"if","locations":[{"start":{"line":357,"column":4},"end":{"line":359,"column":5}},{"start":{},"end":{}}],"line":357},"68":{"loc":{"start":{"line":367,"column":24},"end":{"line":367,"column":58}},"type":"binary-expr","locations":[{"start":{"line":367,"column":24},"end":{"line":367,"column":53}},{"start":{"line":367,"column":57},"end":{"line":367,"column":58}}],"line":367},"69":{"loc":{"start":{"line":368,"column":24},"end":{"line":368,"column":58}},"type":"binary-expr","locations":[{"start":{"line":368,"column":24},"end":{"line":368,"column":53}},{"start":{"line":368,"column":57},"end":{"line":368,"column":58}}],"line":368},"70":{"loc":{"start":{"line":379,"column":2},"end":{"line":393,"column":3}},"type":"if","locations":[{"start":{"line":379,"column":2},"end":{"line":393,"column":3}},{"start":{},"end":{}}],"line":379},"71":{"loc":{"start":{"line":381,"column":48},"end":{"line":381,"column":115}},"type":"binary-expr","locations":[{"start":{"line":381,"column":48},"end":{"line":381,"column":67}},{"start":{"line":381,"column":72},"end":{"line":381,"column":89}},{"start":{"line":381,"column":93},"end":{"line":381,"column":114}}],"line":381},"72":{"loc":{"start":{"line":382,"column":4},"end":{"line":392,"column":5}},"type":"if","locations":[{"start":{"line":382,"column":4},"end":{"line":392,"column":5}},{"start":{},"end":{}}],"line":382},"73":{"loc":{"start":{"line":389,"column":12},"end":{"line":389,"column":46}},"type":"binary-expr","locations":[{"start":{"line":389,"column":12},"end":{"line":389,"column":40}},{"start":{"line":389,"column":44},"end":{"line":389,"column":46}}],"line":389}},"s":{"0":4,"1":4,"2":4,"3":324,"4":4,"5":352,"6":4,"7":311,"8":4,"9":307,"10":307,"11":307,"12":1,"13":306,"14":4,"15":310,"16":1,"17":1,"18":309,"19":309,"20":4,"21":4,"22":305,"23":4,"24":2,"25":2,"26":1,"27":1,"28":4,"29":158,"30":0,"31":158,"32":4,"33":154,"34":3,"35":151,"36":151,"37":151,"38":151,"39":151,"40":4,"41":5,"42":4,"43":1438,"44":4,"45":208,"46":208,"47":208,"48":208,"49":208,"50":208,"51":208,"52":208,"53":208,"54":4,"55":186,"56":0,"57":186,"58":51,"59":135,"60":135,"61":135,"62":73,"63":73,"64":135,"65":135,"66":4,"67":166,"68":7,"69":7,"70":159,"71":4,"72":312,"73":4,"74":3,"75":4,"76":9,"77":9,"78":1,"79":8,"80":4,"81":19,"82":4,"83":55,"84":23,"85":32,"86":32,"87":0,"88":32,"89":1,"90":31,"91":4,"92":324,"93":0,"94":324,"95":324,"96":4,"97":113,"98":113,"99":113,"100":113,"101":113,"102":1,"103":112,"104":112,"105":112,"106":112,"107":112,"108":112,"109":112,"110":112,"111":112,"112":112,"113":112,"114":112,"115":112,"116":112,"117":4,"118":1,"119":1,"120":1,"121":4,"122":4,"123":4,"124":4,"125":4,"126":4,"127":4,"128":4,"129":4,"130":4,"131":4,"132":4,"133":4,"134":4,"135":4,"136":4,"137":4,"138":4,"139":4,"140":4,"141":4,"142":4,"143":4,"144":140,"145":140,"146":140,"147":140,"148":140,"149":140,"150":140,"151":140,"152":140,"153":140,"154":140,"155":140,"156":140,"157":140,"158":140,"159":140,"160":140,"161":3,"162":3,"163":140,"164":19,"165":140,"166":140,"167":4,"168":140,"169":4,"170":100,"171":4,"172":1,"173":31,"174":1,"175":0,"176":0,"177":4},"f":{"0":324,"1":352,"2":311,"3":310,"4":2,"5":158,"6":154,"7":5,"8":1438,"9":208,"10":186,"11":166,"12":312,"13":3,"14":9,"15":19,"16":55,"17":324,"18":113,"19":1,"20":4,"21":4,"22":3,"23":140,"24":100,"25":31},"b":{"0":[324,324],"1":[4,307],"2":[1,306],"3":[307,307,306],"4":[1,309],"5":[310,309],"6":[4,305],"7":[2,0],"8":[1,1],"9":[0,158],"10":[3,151],"11":[0,186],"12":[186,186],"13":[51,135],"14":[73,62],"15":[7,159],"16":[4,5],"17":[1,8],"18":[23,32],"19":[0,32],"20":[1,31],"21":[32,2],"22":[0,324],"23":[324,324],"24":[33,291],"25":[74,39],"26":[74,39],"27":[113,74],"28":[1,112],"29":[113,112],"30":[74,38],"31":[112,74],"32":[112,74],"33":[74,38],"34":[112,74],"35":[112,74,74,55],"36":[112,74,74],"37":[38,74],"38":[19,55],"39":[54,58],"40":[19,93],"41":[4,4],"42":[3,1],"43":[4,3],"44":[3,1],"45":[2,2],"46":[4,3],"47":[140,129],"48":[105,35],"49":[140,105],"50":[140,140],"51":[140,137],"52":[140,105,102],"53":[140,52],"54":[105,35],"55":[52,88],"56":[140,52],"57":[140,105,102,28],"58":[140,52],"59":[140,18],"60":[140,18],"61":[140,18,16,17],"62":[9,131],"63":[140,105,101,99],"64":[4,5],"65":[3,6],"66":[3,6],"67":[19,121],"68":[140,138],"69":[140,138],"70":[1,3],"71":[31,0,0],"72":[0,1],"73":[0,0]},"_coverageSchema":"1a1c01bbd47fc00a2c39e90264f33305004495a9","hash":"3861afcde859438bccb08b5041b3035d1cae8b63"}
,"C:\\Users\\janne\\source\\little-baby-age-expo54\\src\\utils\\photo.ts": {"path":"C:\\Users\\janne\\source\\little-baby-age-expo54\\src\\utils\\photo.ts","statementMap":{"0":{"start":{"line":5,"column":18},"end":{"line":5,"column":70}},"1":{"start":{"line":6,"column":22},"end":{"line":6,"column":26}},"2":{"start":{"line":7,"column":21},"end":{"line":7,"column":25}},"3":{"start":{"line":9,"column":28},"end":{"line":14,"column":1}},"4":{"start":{"line":10,"column":18},"end":{"line":10,"column":58}},"5":{"start":{"line":11,"column":2},"end":{"line":13,"column":3}},"6":{"start":{"line":12,"column":4},"end":{"line":12,"column":76}},"7":{"start":{"line":16,"column":27},"end":{"line":19,"column":1}},"8":{"start":{"line":17,"column":17},"end":{"line":17,"column":55}},"9":{"start":{"line":18,"column":2},"end":{"line":18,"column":51}},"10":{"start":{"line":21,"column":24},"end":{"line":36,"column":1}},"11":{"start":{"line":22,"column":2},"end":{"line":25,"column":3}},"12":{"start":{"line":24,"column":4},"end":{"line":24,"column":50}},"13":{"start":{"line":27,"column":19},"end":{"line":27,"column":42}},"14":{"start":{"line":28,"column":2},"end":{"line":30,"column":3}},"15":{"start":{"line":29,"column":4},"end":{"line":29,"column":14}},"16":{"start":{"line":32,"column":16},"end":{"line":32,"column":40}},"17":{"start":{"line":33,"column":2},"end":{"line":35,"column":59}},"18":{"start":{"line":44,"column":37},"end":{"line":79,"column":1}},"19":{"start":{"line":45,"column":21},"end":{"line":45,"column":76}},"20":{"start":{"line":46,"column":2},"end":{"line":49,"column":3}},"21":{"start":{"line":47,"column":4},"end":{"line":47,"column":52}},"22":{"start":{"line":48,"column":4},"end":{"line":48,"column":16}},"23":{"start":{"line":51,"column":17},"end":{"line":55,"column":4}},"24":{"start":{"line":57,"column":2},"end":{"line":59,"column":3}},"25":{"start":{"line":58,"column":4},"end":{"line":58,"column":16}},"26":{"start":{"line":61,"column":16},"end":{"line":61,"column":32}},"27":{"start":{"line":62,"column":24},"end":{"line":62,"column":66}},"28":{"start":{"line":64,"column":22},"end":{"line":71,"column":3}},"29":{"start":{"line":73,"column":2},"end":{"line":73,"column":30}},"30":{"start":{"line":74,"column":19},"end":{"line":74,"column":39}},"31":{"start":{"line":75,"column":22},"end":{"line":75,"column":47}},"32":{"start":{"line":77,"column":2},"end":{"line":77,"column":73}},"33":{"start":{"line":78,"column":2},"end":{"line":78,"column":21}},"34":{"start":{"line":84,"column":37},"end":{"line":93,"column":1}},"35":{"start":{"line":85,"column":2},"end":{"line":85,"column":25}},"36":{"start":{"line":85,"column":13},"end":{"line":85,"column":25}},"37":{"start":{"line":86,"column":2},"end":{"line":92,"column":3}},"38":{"start":{"line":87,"column":17},"end":{"line":87,"column":52}},"39":{"start":{"line":88,"column":4},"end":{"line":88,"column":37}},"40":{"start":{"line":90,"column":4},"end":{"line":90,"column":58}},"41":{"start":{"line":91,"column":4},"end":{"line":91,"column":16}},"42":{"start":{"line":98,"column":35},"end":{"line":108,"column":1}},"43":{"start":{"line":99,"column":2},"end":{"line":99,"column":20}},"44":{"start":{"line":99,"column":13},"end":{"line":99,"column":20}},"45":{"start":{"line":100,"column":2},"end":{"line":107,"column":3}},"46":{"start":{"line":101,"column":17},"end":{"line":101,"column":52}},"47":{"start":{"line":102,"column":4},"end":{"line":104,"column":5}},"48":{"start":{"line":103,"column":6},"end":{"line":103,"column":63}},"49":{"start":{"line":106,"column":4},"end":{"line":106,"column":49}}},"fnMap":{"0":{"name":"(anonymous_0)","decl":{"start":{"line":9,"column":28},"end":{"line":9,"column":29}},"loc":{"start":{"line":9,"column":40},"end":{"line":14,"column":1}},"line":9},"1":{"name":"(anonymous_1)","decl":{"start":{"line":16,"column":27},"end":{"line":16,"column":28}},"loc":{"start":{"line":16,"column":33},"end":{"line":19,"column":1}},"line":16},"2":{"name":"(anonymous_2)","decl":{"start":{"line":21,"column":24},"end":{"line":21,"column":25}},"loc":{"start":{"line":21,"column":88},"end":{"line":36,"column":1}},"line":21},"3":{"name":"(anonymous_3)","decl":{"start":{"line":44,"column":37},"end":{"line":44,"column":38}},"loc":{"start":{"line":44,"column":73},"end":{"line":79,"column":1}},"line":44},"4":{"name":"(anonymous_4)","decl":{"start":{"line":84,"column":37},"end":{"line":84,"column":38}},"loc":{"start":{"line":84,"column":93},"end":{"line":93,"column":1}},"line":84},"5":{"name":"(anonymous_5)","decl":{"start":{"line":98,"column":35},"end":{"line":98,"column":36}},"loc":{"start":{"line":98,"column":67},"end":{"line":108,"column":1}},"line":98}},"branchMap":{"0":{"loc":{"start":{"line":11,"column":2},"end":{"line":13,"column":3}},"type":"if","locations":[{"start":{"line":11,"column":2},"end":{"line":13,"column":3}},{"start":{},"end":{}}],"line":11},"1":{"loc":{"start":{"line":22,"column":2},"end":{"line":25,"column":3}},"type":"if","locations":[{"start":{"line":22,"column":2},"end":{"line":25,"column":3}},{"start":{},"end":{}}],"line":22},"2":{"loc":{"start":{"line":22,"column":6},"end":{"line":22,"column":23}},"type":"binary-expr","locations":[{"start":{"line":22,"column":6},"end":{"line":22,"column":12}},{"start":{"line":22,"column":16},"end":{"line":22,"column":23}}],"line":22},"3":{"loc":{"start":{"line":28,"column":2},"end":{"line":30,"column":3}},"type":"if","locations":[{"start":{"line":28,"column":2},"end":{"line":30,"column":3}},{"start":{},"end":{}}],"line":28},"4":{"loc":{"start":{"line":33,"column":9},"end":{"line":35,"column":58}},"type":"cond-expr","locations":[{"start":{"line":34,"column":6},"end":{"line":34,"column":56}},{"start":{"line":35,"column":6},"end":{"line":35,"column":58}}],"line":33},"5":{"loc":{"start":{"line":46,"column":2},"end":{"line":49,"column":3}},"type":"if","locations":[{"start":{"line":46,"column":2},"end":{"line":49,"column":3}},{"start":{},"end":{}}],"line":46},"6":{"loc":{"start":{"line":57,"column":2},"end":{"line":59,"column":3}},"type":"if","locations":[{"start":{"line":57,"column":2},"end":{"line":59,"column":3}},{"start":{},"end":{}}],"line":57},"7":{"loc":{"start":{"line":57,"column":6},"end":{"line":57,"column":47}},"type":"binary-expr","locations":[{"start":{"line":57,"column":6},"end":{"line":57,"column":21}},{"start":{"line":57,"column":25},"end":{"line":57,"column":47}}],"line":57},"8":{"loc":{"start":{"line":85,"column":2},"end":{"line":85,"column":25}},"type":"if","locations":[{"start":{"line":85,"column":2},"end":{"line":85,"column":25}},{"start":{},"end":{}}],"line":85},"9":{"loc":{"start":{"line":88,"column":11},"end":{"line":88,"column":36}},"type":"cond-expr","locations":[{"start":{"line":88,"column":25},"end":{"line":88,"column":29}},{"start":{"line":88,"column":32},"end":{"line":88,"column":36}}],"line":88},"10":{"loc":{"start":{"line":99,"column":2},"end":{"line":99,"column":20}},"type":"if","locations":[{"start":{"line":99,"column":2},"end":{"line":99,"column":20}},{"start":{},"end":{}}],"line":99},"11":{"loc":{"start":{"line":102,"column":4},"end":{"line":104,"column":5}},"type":"if","locations":[{"start":{"line":102,"column":4},"end":{"line":104,"column":5}},{"start":{},"end":{}}],"line":102}},"s":{"0":1,"1":1,"2":1,"3":1,"4":1,"5":1,"6":1,"7":1,"8":1,"9":1,"10":1,"11":1,"12":0,"13":1,"14":1,"15":0,"16":1,"17":1,"18":1,"19":3,"20":3,"21":1,"22":1,"23":2,"24":2,"25":1,"26":1,"27":1,"28":1,"29":1,"30":1,"31":1,"32":1,"33":1,"34":1,"35":4,"36":2,"37":2,"38":2,"39":1,"40":1,"41":1,"42":1,"43":4,"44":2,"45":2,"46":2,"47":1,"48":1,"49":1},"f":{"0":1,"1":1,"2":1,"3":3,"4":4,"5":4},"b":{"0":[1,0],"1":[0,1],"2":[1,1],"3":[0,1],"4":[1,0],"5":[1,2],"6":[1,1],"7":[2,1],"8":[2,2],"9":[0,1],"10":[2,2],"11":[1,0]},"_coverageSchema":"1a1c01bbd47fc00a2c39e90264f33305004495a9","hash":"bc954a7205375981b2b5fe2e1d32965ce4384a88"}
,"C:\\Users\\janne\\source\\little-baby-age-expo54\\src\\utils\\text.ts": {"path":"C:\\Users\\janne\\source\\little-baby-age-expo54\\src\\utils\\text.ts","statementMap":{"0":{"start":{"line":1,"column":30},"end":{"line":1,"column":80}},"1":{"start":{"line":1,"column":53},"end":{"line":1,"column":80}},"2":{"start":{"line":3,"column":28},"end":{"line":9,"column":1}},"3":{"start":{"line":4,"column":16},"end":{"line":4,"column":30}},"4":{"start":{"line":5,"column":2},"end":{"line":7,"column":3}},"5":{"start":{"line":6,"column":4},"end":{"line":6,"column":13}},"6":{"start":{"line":8,"column":2},"end":{"line":8,"column":38}},"7":{"start":{"line":17,"column":35},"end":{"line":26,"column":1}},"8":{"start":{"line":18,"column":2},"end":{"line":18,"column":24}},"9":{"start":{"line":18,"column":14},"end":{"line":18,"column":24}},"10":{"start":{"line":19,"column":22},"end":{"line":21,"column":3}},"11":{"start":{"line":20,"column":4},"end":{"line":20,"column":50}},"12":{"start":{"line":22,"column":2},"end":{"line":25,"column":12}}},"fnMap":{"0":{"name":"(anonymous_0)","decl":{"start":{"line":1,"column":30},"end":{"line":1,"column":31}},"loc":{"start":{"line":1,"column":53},"end":{"line":1,"column":80}},"line":1},"1":{"name":"(anonymous_1)","decl":{"start":{"line":3,"column":28},"end":{"line":3,"column":29}},"loc":{"start":{"line":3,"column":51},"end":{"line":9,"column":1}},"line":3},"2":{"name":"(anonymous_2)","decl":{"start":{"line":17,"column":35},"end":{"line":17,"column":36}},"loc":{"start":{"line":17,"column":70},"end":{"line":26,"column":1}},"line":17},"3":{"name":"(anonymous_3)","decl":{"start":{"line":19,"column":52},"end":{"line":19,"column":53}},"loc":{"start":{"line":20,"column":4},"end":{"line":20,"column":50}},"line":20}},"branchMap":{"0":{"loc":{"start":{"line":1,"column":64},"end":{"line":1,"column":71}},"type":"binary-expr","locations":[{"start":{"line":1,"column":64},"end":{"line":1,"column":65}},{"start":{"line":1,"column":69},"end":{"line":1,"column":71}}],"line":1},"1":{"loc":{"start":{"line":4,"column":21},"end":{"line":4,"column":28}},"type":"binary-expr","locations":[{"start":{"line":4,"column":21},"end":{"line":4,"column":22}},{"start":{"line":4,"column":26},"end":{"line":4,"column":28}}],"line":4},"2":{"loc":{"start":{"line":5,"column":2},"end":{"line":7,"column":3}},"type":"if","locations":[{"start":{"line":5,"column":2},"end":{"line":7,"column":3}},{"start":{},"end":{}}],"line":5},"3":{"loc":{"start":{"line":18,"column":2},"end":{"line":18,"column":24}},"type":"if","locations":[{"start":{"line":18,"column":2},"end":{"line":18,"column":24}},{"start":{},"end":{}}],"line":18}},"s":{"0":1,"1":1,"2":1,"3":2,"4":2,"5":1,"6":1,"7":1,"8":2,"9":1,"10":1,"11":5,"12":1},"f":{"0":1,"1":2,"2":2,"3":5},"b":{"0":[1,0],"1":[2,0],"2":[1,1],"3":[1,1]},"_coverageSchema":"1a1c01bbd47fc00a2c39e90264f33305004495a9","hash":"2c5dea2ede3cbd042bdb4f97cf65b91d1ae0c0e9"}
}
