TN:
SF:src\components\DayCell.tsx
FN:22,(anonymous_0)
FN:65,(anonymous_1)
FN:89,(anonymous_2)
FNF:3
FNH:3
FNDA:3,(anonymous_0)
FNDA:6,(anonymous_1)
FNDA:1,(anonymous_2)
DA:19,1
DA:20,1
DA:22,1
DA:23,3
DA:24,3
DA:26,3
DA:27,3
DA:29,3
DA:30,3
DA:32,3
DA:33,3
DA:34,3
DA:36,3
DA:37,3
DA:38,3
DA:39,3
DA:40,3
DA:41,3
DA:43,3
DA:45,1
DA:46,1
DA:47,1
DA:48,1
DA:49,2
DA:50,1
DA:51,1
DA:52,1
DA:53,1
DA:54,1
DA:55,1
DA:58,3
DA:59,3
DA:65,3
DA:71,6
DA:72,6
DA:74,6
DA:79,6
DA:80,4
DA:83,2
DA:86,3
DA:89,1
DA:128,1
LF:42
LH:42
BRDA:29,0,0,3
BRDA:29,0,1,1
BRDA:30,1,0,3
BRDA:30,1,1,2
BRDA:43,2,0,1
BRDA:43,2,1,2
BRDA:49,3,0,1
BRDA:49,3,1,1
BRDA:60,4,0,0
BRDA:60,4,1,3
BRDA:61,5,0,0
BRDA:61,5,1,3
BRDA:72,6,0,6
BRDA:72,6,1,2
BRDA:74,7,0,6
BRDA:74,7,1,2
BRDA:74,7,2,0
BRDA:75,8,0,2
BRDA:75,8,1,4
BRDA:79,9,0,4
BRDA:79,9,1,2
BRDA:79,10,0,6
BRDA:79,10,1,2
BRDA:93,11,0,3
BRDA:93,11,1,1
BRDA:94,12,0,3
BRDA:94,12,1,0
BRDA:98,13,0,3
BRDA:98,13,1,0
BRDA:102,14,0,3
BRDA:102,14,1,0
BRDA:103,15,0,3
BRDA:103,15,1,1
BRDA:109,16,0,3
BRDA:109,16,1,0
BRDA:112,17,0,2
BRDA:112,17,1,1
BRDA:114,18,0,2
BRDA:114,18,1,0
BRDA:115,19,0,0
BRDA:115,19,1,2
BRF:41
BRH:32
end_of_record
TN:
SF:src\constants\colors.ts
FNF:0
FNH:0
DA:1,1
LF:1
LH:1
BRF:0
BRH:0
end_of_record
TN:
SF:src\services\achievementService.ts
FN:6,(anonymous_0)
FN:20,(anonymous_1)
FNF:2
FNH:2
FNDA:4,(anonymous_0)
FNDA:2,(anonymous_1)
DA:6,1
DA:10,4
DA:11,3
DA:12,2
DA:14,1
DA:20,1
DA:23,2
LF:7
LH:7
BRDA:10,0,0,1
BRDA:10,0,1,3
BRDA:11,1,0,1
BRDA:11,1,1,2
BRDA:12,2,0,1
BRDA:12,2,1,1
BRF:6
BRH:6
end_of_record
TN:
SF:src\state\AchievementsContext.tsx
FN:46,(anonymous_0)
FN:52,(anonymous_1)
FN:58,(anonymous_2)
FN:60,(anonymous_3)
FN:80,(anonymous_4)
FN:82,(anonymous_5)
FN:84,(anonymous_6)
FN:92,(anonymous_7)
FN:97,(anonymous_8)
FN:103,(anonymous_9)
FN:115,(anonymous_10)
FN:159,(anonymous_11)
FN:164,(anonymous_12)
FN:183,(anonymous_13)
FN:199,(anonymous_14)
FNF:15
FNH:13
FNDA:16,(anonymous_0)
FNDA:11,(anonymous_1)
FNDA:11,(anonymous_2)
FNDA:3,(anonymous_3)
FNDA:11,(anonymous_4)
FNDA:11,(anonymous_5)
FNDA:3,(anonymous_6)
FNDA:0,(anonymous_7)
FNDA:0,(anonymous_8)
FNDA:4,(anonymous_9)
FNDA:1,(anonymous_10)
FNDA:2,(anonymous_11)
FNDA:1,(anonymous_12)
FNDA:11,(anonymous_13)
FNDA:17,(anonymous_14)
DA:36,1
DA:46,1
DA:47,16
DA:48,16
DA:49,16
DA:52,16
DA:53,11
DA:54,6
DA:58,16
DA:59,11
DA:60,11
DA:61,3
DA:62,3
DA:72,3
DA:73,3
DA:75,3
DA:77,11
DA:80,16
DA:82,16
DA:83,11
DA:84,11
DA:85,3
DA:86,3
DA:87,3
DA:89,11
DA:92,16
DA:94,0
DA:97,16
DA:99,0
DA:102,16
DA:104,4
DA:105,1
DA:106,1
DA:108,3
DA:109,1
DA:110,1
DA:112,2
DA:113,2
DA:114,2
DA:115,2
DA:116,2
DA:117,2
DA:120,2
DA:124,2
DA:136,2
DA:137,2
DA:138,2
DA:140,2
DA:142,1
DA:145,1
DA:148,2
DA:150,0
DA:152,2
DA:158,16
DA:160,2
DA:161,1
DA:162,1
DA:164,1
DA:165,1
DA:166,1
DA:168,1
DA:170,1
DA:171,1
DA:174,0
DA:176,1
DA:182,16
DA:183,11
DA:196,16
DA:199,1
DA:200,17
DA:201,16
DA:202,2
DA:204,14
LF:73
LH:69
BRDA:53,0,0,5
BRDA:53,0,1,6
BRDA:54,1,0,6
BRDA:54,1,1,0
BRDA:65,2,0,3
BRDA:65,2,1,3
BRDA:68,3,0,3
BRDA:68,3,1,1
BRDA:70,4,0,3
BRDA:70,4,1,1
BRDA:72,5,0,3
BRDA:72,5,1,0
BRDA:86,6,0,3
BRDA:86,6,1,0
BRDA:104,7,0,1
BRDA:104,7,1,3
BRDA:104,8,0,4
BRDA:104,8,1,3
BRDA:108,9,0,1
BRDA:108,9,1,2
BRDA:114,10,0,2
BRDA:114,10,1,1
BRDA:116,11,0,2
BRDA:116,11,1,1
BRDA:117,12,0,2
BRDA:117,12,1,2
BRDA:120,13,0,1
BRDA:120,13,1,1
BRDA:122,14,0,1
BRDA:122,14,1,0
BRDA:132,15,0,2
BRDA:132,15,1,1
BRDA:140,16,0,1
BRDA:140,16,1,1
BRDA:160,17,0,1
BRDA:160,17,1,1
BRDA:170,18,0,1
BRDA:170,18,1,0
BRDA:201,19,0,2
BRDA:201,19,1,14
BRF:40
BRH:35
end_of_record
TN:
SF:src\state\AppStateContext.tsx
FN:83,(anonymous_0)
FN:91,(anonymous_1)
FN:100,(anonymous_2)
FN:109,(anonymous_3)
FN:114,(anonymous_4)
FN:124,(anonymous_5)
FN:151,(anonymous_6)
FN:153,(anonymous_7)
FN:183,(anonymous_8)
FN:200,(anonymous_9)
FN:206,(anonymous_10)
FN:207,(anonymous_11)
FN:215,(anonymous_12)
FN:216,(anonymous_13)
FN:224,(anonymous_14)
FN:225,(anonymous_15)
FN:252,(anonymous_16)
FN:253,(anonymous_17)
FN:254,(anonymous_18)
FN:274,(anonymous_19)
FN:275,(anonymous_20)
FN:276,(anonymous_21)
FN:296,(anonymous_22)
FN:297,(anonymous_23)
FN:298,(anonymous_24)
FN:306,(anonymous_25)
FN:307,(anonymous_26)
FN:322,(anonymous_27)
FN:323,(anonymous_28)
FN:325,(anonymous_29)
FN:338,(anonymous_30)
FN:339,(anonymous_31)
FN:341,(anonymous_32)
FN:352,(anonymous_33)
FN:369,(anonymous_34)
FN:377,(anonymous_35)
FN:380,(anonymous_36)
FN:380,(anonymous_37)
FN:385,(anonymous_38)
FNF:39
FNH:36
FNDA:15,(anonymous_0)
FNDA:5,(anonymous_1)
FNDA:19,(anonymous_2)
FNDA:18,(anonymous_3)
FNDA:21,(anonymous_4)
FNDA:7,(anonymous_5)
FNDA:1,(anonymous_6)
FNDA:1,(anonymous_7)
FNDA:11,(anonymous_8)
FNDA:32,(anonymous_9)
FNDA:11,(anonymous_10)
FNDA:11,(anonymous_11)
FNDA:14,(anonymous_12)
FNDA:14,(anonymous_13)
FNDA:4,(anonymous_14)
FNDA:4,(anonymous_15)
FNDA:0,(anonymous_16)
FNDA:0,(anonymous_17)
FNDA:0,(anonymous_18)
FNDA:2,(anonymous_19)
FNDA:2,(anonymous_20)
FNDA:3,(anonymous_21)
FNDA:4,(anonymous_22)
FNDA:4,(anonymous_23)
FNDA:5,(anonymous_24)
FNDA:2,(anonymous_25)
FNDA:2,(anonymous_26)
FNDA:1,(anonymous_27)
FNDA:1,(anonymous_28)
FNDA:1,(anonymous_29)
FNDA:1,(anonymous_30)
FNDA:1,(anonymous_31)
FNDA:1,(anonymous_32)
FNDA:32,(anonymous_33)
FNDA:65,(anonymous_34)
FNDA:18,(anonymous_35)
FNDA:18,(anonymous_36)
FNDA:7,(anonymous_37)
FNDA:2,(anonymous_38)
DA:73,2
DA:75,2
DA:81,2
DA:83,2
DA:84,15
DA:85,15
DA:87,0
DA:91,2
DA:92,5
DA:93,5
DA:100,2
DA:101,19
DA:107,19
DA:109,18
DA:111,0
DA:114,19
DA:115,21
DA:116,0
DA:118,21
DA:121,19
DA:124,2
DA:125,7
DA:126,7
DA:128,7
DA:130,1
DA:131,1
DA:133,1
DA:134,1
DA:136,1
DA:150,1
DA:151,1
DA:152,1
DA:153,1
DA:154,1
DA:155,1
DA:156,1
DA:170,1
DA:176,1
DA:177,1
DA:178,1
DA:180,1
DA:183,2
DA:184,11
DA:185,11
DA:186,4
DA:187,4
DA:188,4
DA:190,0
DA:194,7
DA:195,7
DA:197,6
DA:200,2
DA:203,32
DA:204,32
DA:206,32
DA:207,11
DA:208,11
DA:209,11
DA:210,11
DA:212,11
DA:215,32
DA:216,14
DA:217,14
DA:218,14
DA:219,14
DA:223,32
DA:225,4
DA:226,4
DA:227,4
DA:228,4
DA:237,4
DA:238,4
DA:239,4
DA:241,4
DA:251,32
DA:253,0
DA:254,0
DA:255,0
DA:267,0
DA:273,32
DA:275,2
DA:276,3
DA:277,2
DA:278,2
DA:280,2
DA:281,2
DA:282,2
DA:285,2
DA:295,32
DA:297,4
DA:298,5
DA:299,3
DA:305,32
DA:307,2
DA:308,2
DA:309,2
DA:321,32
DA:323,1
DA:324,1
DA:325,1
DA:326,1
DA:328,1
DA:337,32
DA:339,1
DA:340,1
DA:341,1
DA:342,1
DA:351,32
DA:352,32
DA:366,32
DA:369,2
DA:370,65
DA:371,64
DA:372,2
DA:374,62
DA:377,2
DA:378,18
DA:379,18
DA:380,18
DA:385,2
DA:386,2
DA:387,2
DA:388,1
LF:123
LH:115
BRDA:92,0,0,5
BRDA:92,0,1,4
BRDA:96,1,0,5
BRDA:96,1,1,4
BRDA:102,2,0,19
BRDA:102,2,1,0
BRDA:103,3,0,19
BRDA:103,3,1,1
BRDA:104,4,0,19
BRDA:104,4,1,0
BRDA:107,5,0,0
BRDA:107,5,1,19
BRDA:108,6,0,19
BRDA:108,6,1,18
BRDA:111,7,0,0
BRDA:111,7,1,0
BRDA:115,8,0,0
BRDA:115,8,1,21
BRDA:128,9,0,6
BRDA:128,9,1,1
BRDA:128,10,0,7
BRDA:128,10,1,6
BRDA:130,11,0,1
BRDA:130,11,1,0
BRDA:131,12,0,1
BRDA:131,12,1,0
BRDA:139,13,0,1
BRDA:139,13,1,0
BRDA:140,14,0,1
BRDA:140,14,1,0
BRDA:142,15,0,1
BRDA:142,15,1,0
BRDA:143,16,0,1
BRDA:143,16,1,0
BRDA:144,17,0,1
BRDA:144,17,1,0
BRDA:145,18,0,1
BRDA:145,18,1,0
BRDA:152,19,0,0
BRDA:152,19,1,1
BRDA:155,20,0,1
BRDA:155,20,1,0
BRDA:155,21,0,0
BRDA:155,21,1,0
BRDA:157,22,0,1
BRDA:157,22,1,0
BRDA:158,23,0,1
BRDA:158,23,1,0
BRDA:159,24,0,1
BRDA:159,24,1,0
BRDA:164,25,0,1
BRDA:164,25,1,0
BRDA:185,26,0,4
BRDA:185,26,1,7
BRDA:195,27,0,1
BRDA:195,27,1,6
BRDA:226,28,0,4
BRDA:226,28,1,1
BRDA:227,29,0,4
BRDA:227,29,1,4
BRDA:239,30,0,4
BRDA:239,30,1,4
BRDA:255,31,0,0
BRDA:255,31,1,0
BRDA:262,32,0,0
BRDA:262,32,1,0
BRDA:281,33,0,2
BRDA:281,33,1,0
BRDA:282,34,0,2
BRDA:282,34,1,1
BRDA:298,35,0,1
BRDA:298,35,1,3
BRDA:308,36,0,2
BRDA:308,36,1,0
BRDA:324,37,0,1
BRDA:324,37,1,0
BRDA:326,38,0,1
BRDA:326,38,1,0
BRDA:340,39,0,1
BRDA:340,39,1,0
BRDA:371,40,0,2
BRDA:371,40,1,62
BRDA:380,41,0,18
BRDA:380,41,1,11
BRDA:387,42,0,1
BRDA:387,42,1,1
BRDA:388,43,0,1
BRDA:388,43,1,0
BRF:88
BRH:56
end_of_record
TN:
SF:src\state\DateViewContext.tsx
FN:18,(anonymous_0)
FN:24,(anonymous_1)
FN:28,(anonymous_2)
FN:31,(anonymous_3)
FN:37,(anonymous_4)
FN:44,(anonymous_5)
FN:56,(anonymous_6)
FNF:7
FNH:7
FNDA:5,(anonymous_0)
FNDA:6,(anonymous_1)
FNDA:3,(anonymous_2)
FNDA:2,(anonymous_3)
FNDA:1,(anonymous_4)
FNDA:6,(anonymous_5)
FNDA:9,(anonymous_6)
DA:16,1
DA:18,1
DA:21,5
DA:24,1
DA:28,6
DA:29,6
DA:31,6
DA:34,2
DA:37,6
DA:40,1
DA:43,6
DA:44,6
DA:53,6
DA:56,1
DA:57,9
DA:58,8
DA:59,2
DA:61,6
LF:18
LH:18
BRDA:58,0,0,2
BRDA:58,0,1,6
BRF:2
BRH:2
end_of_record
TN:
SF:src\storage\storage.ts
FN:21,(anonymous_0)
FN:31,(anonymous_1)
FN:41,(anonymous_2)
FN:45,(anonymous_3)
FN:48,(anonymous_4)
FN:57,(anonymous_5)
FN:63,(anonymous_6)
FN:65,(anonymous_7)
FN:67,(anonymous_8)
FN:74,(anonymous_9)
FN:78,(anonymous_10)
FN:82,(anonymous_11)
FN:83,(anonymous_12)
FN:90,(anonymous_13)
FN:100,(anonymous_14)
FN:105,(anonymous_15)
FN:117,(anonymous_16)
FN:123,(anonymous_17)
FNF:18
FNH:14
FNDA:3,(anonymous_0)
FNDA:1,(anonymous_1)
FNDA:1,(anonymous_2)
FNDA:3,(anonymous_3)
FNDA:3,(anonymous_4)
FNDA:1,(anonymous_5)
FNDA:1,(anonymous_6)
FNDA:0,(anonymous_7)
FNDA:0,(anonymous_8)
FNDA:1,(anonymous_9)
FNDA:3,(anonymous_10)
FNDA:1,(anonymous_11)
FNDA:1,(anonymous_12)
FNDA:0,(anonymous_13)
FNDA:0,(anonymous_14)
FNDA:3,(anonymous_15)
FNDA:2,(anonymous_16)
FNDA:1,(anonymous_17)
DA:6,2
DA:12,2
DA:19,2
DA:21,2
DA:22,3
DA:23,3
DA:24,3
DA:26,1
DA:27,1
DA:31,2
DA:32,1
DA:33,1
DA:34,1
DA:36,0
DA:37,0
DA:41,2
DA:42,1
DA:45,2
DA:46,3
DA:48,2
DA:49,3
DA:50,3
DA:52,2
DA:53,2
DA:57,2
DA:58,1
DA:59,1
DA:60,1
DA:63,2
DA:64,1
DA:65,0
DA:66,0
DA:67,0
DA:68,0
DA:69,0
DA:74,2
DA:75,1
DA:76,1
DA:78,1
DA:79,3
DA:80,3
DA:81,1
DA:82,1
DA:83,1
DA:84,1
DA:85,1
DA:89,1
DA:90,0
DA:91,0
DA:93,1
DA:99,0
DA:100,0
DA:101,0
DA:102,0
DA:104,1
DA:105,1
DA:106,3
DA:107,3
DA:111,1
DA:112,1
DA:117,2
DA:118,2
DA:119,2
DA:120,2
DA:123,2
DA:124,1
DA:125,1
DA:126,1
LF:68
LH:55
BRDA:22,0,0,0
BRDA:22,0,1,3
BRDA:58,1,0,1
BRDA:58,1,1,0
BRDA:59,2,0,1
BRDA:59,2,1,1
BRDA:64,3,0,1
BRDA:64,3,1,0
BRDA:64,4,0,1
BRDA:64,4,1,1
BRDA:64,4,2,1
BRDA:66,5,0,0
BRDA:66,5,1,0
BRDA:69,6,0,0
BRDA:69,6,1,0
BRDA:69,6,2,0
BRDA:80,7,0,2
BRDA:80,7,1,1
BRDA:84,8,0,1
BRDA:84,8,1,0
BRDA:89,9,0,0
BRDA:89,9,1,1
BRDA:93,10,0,0
BRDA:93,10,1,1
BRDA:94,11,0,1
BRDA:94,11,1,1
BRDA:94,11,2,1
BRDA:94,11,3,0
BRDA:101,12,0,0
BRDA:101,12,1,0
BRDA:104,13,0,1
BRDA:104,13,1,0
BRDA:106,14,0,0
BRDA:106,14,1,3
BRF:34
BRH:18
end_of_record
TN:
SF:src\utils\ageLabelNormalization.ts
FN:5,(anonymous_0)
FN:14,(anonymous_1)
FNF:2
FNH:2
FNDA:4,(anonymous_0)
FNDA:18,(anonymous_1)
DA:5,2
DA:6,4
DA:7,4
DA:14,2
DA:17,18
DA:18,11
DA:19,10
DA:20,10
DA:22,1
LF:9
LH:9
BRDA:6,0,0,0
BRDA:6,0,1,4
BRDA:17,1,0,7
BRDA:17,1,1,11
BRDA:18,2,0,10
BRDA:18,2,1,1
BRDA:20,3,0,9
BRDA:20,3,1,1
BRF:8
BRH:7
end_of_record
TN:
SF:src\utils\dateUtils.ts
FN:14,(anonymous_0)
FN:17,(anonymous_1)
FN:20,(anonymous_2)
FN:37,(anonymous_3)
FN:52,(anonymous_4)
FN:58,(anonymous_5)
FN:65,(anonymous_6)
FN:76,(anonymous_7)
FN:78,(anonymous_8)
FN:81,(anonymous_9)
FN:95,(anonymous_10)
FN:121,(anonymous_11)
FN:129,(anonymous_12)
FN:132,(anonymous_13)
FN:137,(anonymous_14)
FN:149,(anonymous_15)
FN:151,(anonymous_16)
FN:162,(anonymous_17)
FN:168,(anonymous_18)
FN:236,(anonymous_19)
FN:242,(anonymous_20)
FN:250,(anonymous_21)
FN:342,(anonymous_22)
FN:374,(anonymous_23)
FN:376,(anonymous_24)
FN:381,(anonymous_25)
FNF:26
FNH:26
FNDA:324,(anonymous_0)
FNDA:352,(anonymous_1)
FNDA:311,(anonymous_2)
FNDA:310,(anonymous_3)
FNDA:2,(anonymous_4)
FNDA:158,(anonymous_5)
FNDA:154,(anonymous_6)
FNDA:5,(anonymous_7)
FNDA:1438,(anonymous_8)
FNDA:208,(anonymous_9)
FNDA:186,(anonymous_10)
FNDA:166,(anonymous_11)
FNDA:312,(anonymous_12)
FNDA:3,(anonymous_13)
FNDA:9,(anonymous_14)
FNDA:19,(anonymous_15)
FNDA:55,(anonymous_16)
FNDA:324,(anonymous_17)
FNDA:113,(anonymous_18)
FNDA:1,(anonymous_19)
FNDA:4,(anonymous_20)
FNDA:4,(anonymous_21)
FNDA:3,(anonymous_22)
FNDA:140,(anonymous_23)
FNDA:100,(anonymous_24)
FNDA:31,(anonymous_25)
DA:11,4
DA:12,4
DA:14,4
DA:15,324
DA:17,4
DA:18,352
DA:20,4
DA:21,311
DA:23,307
DA:24,307
DA:26,307
DA:31,1
DA:34,306
DA:37,4
DA:38,310
DA:39,1
DA:40,1
DA:43,309
DA:44,309
DA:45,4
DA:46,4
DA:49,305
DA:52,4
DA:53,2
DA:54,2
DA:55,1
DA:58,4
DA:59,158
DA:60,0
DA:62,158
DA:65,4
DA:66,154
DA:67,3
DA:69,151
DA:70,151
DA:71,151
DA:72,151
DA:73,151
DA:76,5
DA:78,4
DA:79,1438
DA:81,4
DA:82,208
DA:83,208
DA:84,208
DA:86,208
DA:87,208
DA:88,208
DA:89,208
DA:90,208
DA:92,208
DA:95,4
DA:96,186
DA:97,0
DA:100,186
DA:101,51
DA:105,135
DA:107,135
DA:108,135
DA:109,73
DA:110,73
DA:113,135
DA:114,135
DA:121,4
DA:122,166
DA:123,7
DA:124,7
DA:126,159
DA:129,4
DA:130,312
DA:132,4
DA:137,4
DA:142,9
DA:143,9
DA:144,1
DA:146,8
DA:149,19
DA:151,4
DA:155,55
DA:156,32
DA:157,32
DA:158,32
DA:159,31
DA:162,4
DA:163,324
DA:164,324
DA:165,324
DA:168,4
DA:175,113
DA:176,113
DA:177,113
DA:178,113
DA:180,113
DA:181,1
DA:184,112
DA:185,112
DA:187,112
DA:188,112
DA:189,112
DA:191,112
DA:192,112
DA:194,112
DA:199,112
DA:200,112
DA:201,112
DA:202,112
DA:204,112
DA:210,112
DA:236,4
DA:237,1
DA:238,1
DA:239,1
DA:242,4
DA:243,4
DA:244,4
DA:245,4
DA:246,4
DA:247,4
DA:250,4
DA:263,4
DA:264,4
DA:265,4
DA:266,4
DA:267,4
DA:268,4
DA:269,4
DA:270,4
DA:271,4
DA:272,4
DA:273,4
DA:274,4
DA:276,4
DA:287,4
DA:289,4
DA:290,140
DA:291,140
DA:292,140
DA:294,140
DA:298,140
DA:308,140
DA:310,140
DA:313,140
DA:314,140
DA:316,140
DA:319,140
DA:321,140
DA:325,140
DA:327,140
DA:329,140
DA:331,140
DA:336,140
DA:343,3
DA:344,3
DA:357,140
DA:358,19
DA:361,140
DA:371,140
DA:374,140
DA:375,4
DA:376,100
DA:379,4
DA:381,31
DA:382,1
DA:383,0
DA:388,0
DA:395,4
LF:166
LH:162
BRDA:15,0,0,324
BRDA:15,0,1,324
BRDA:21,1,0,4
BRDA:21,1,1,307
BRDA:26,2,0,1
BRDA:26,2,1,306
BRDA:27,3,0,307
BRDA:27,3,1,307
BRDA:27,3,2,306
BRDA:38,4,0,1
BRDA:38,4,1,309
BRDA:38,5,0,310
BRDA:38,5,1,309
BRDA:44,6,0,4
BRDA:44,6,1,305
BRDA:53,7,0,2
BRDA:53,7,1,0
BRDA:54,8,0,1
BRDA:54,8,1,1
BRDA:59,9,0,0
BRDA:59,9,1,158
BRDA:66,10,0,3
BRDA:66,10,1,151
BRDA:96,11,0,0
BRDA:96,11,1,186
BRDA:96,12,0,186
BRDA:96,12,1,186
BRDA:100,13,0,51
BRDA:100,13,1,135
BRDA:108,14,0,73
BRDA:108,14,1,62
BRDA:122,15,0,7
BRDA:122,15,1,159
BRDA:142,16,0,4
BRDA:142,16,1,5
BRDA:143,17,0,1
BRDA:143,17,1,8
BRDA:155,18,0,23
BRDA:155,18,1,32
BRDA:157,19,0,0
BRDA:157,19,1,32
BRDA:158,20,0,1
BRDA:158,20,1,31
BRDA:158,21,0,32
BRDA:158,21,1,2
BRDA:163,22,0,0
BRDA:163,22,1,324
BRDA:163,23,0,324
BRDA:163,23,1,324
BRDA:165,24,0,33
BRDA:165,24,1,291
BRDA:177,25,0,74
BRDA:177,25,1,39
BRDA:178,26,0,74
BRDA:178,26,1,39
BRDA:178,27,0,113
BRDA:178,27,1,74
BRDA:180,28,0,1
BRDA:180,28,1,112
BRDA:180,29,0,113
BRDA:180,29,1,112
BRDA:187,30,0,74
BRDA:187,30,1,38
BRDA:189,31,0,112
BRDA:189,31,1,74
BRDA:191,32,0,112
BRDA:191,32,1,74
BRDA:192,33,0,74
BRDA:192,33,1,38
BRDA:192,34,0,112
BRDA:192,34,1,74
BRDA:194,35,0,112
BRDA:194,35,1,74
BRDA:194,35,2,74
BRDA:194,35,3,55
BRDA:202,36,0,112
BRDA:202,36,1,74
BRDA:202,36,2,74
BRDA:204,37,0,38
BRDA:204,37,1,74
BRDA:206,38,0,19
BRDA:206,38,1,55
BRDA:219,39,0,54
BRDA:219,39,1,58
BRDA:225,40,0,19
BRDA:225,40,1,93
BRDA:272,41,0,4
BRDA:272,41,1,4
BRDA:273,42,0,3
BRDA:273,42,1,1
BRDA:273,43,0,4
BRDA:273,43,1,3
BRDA:274,44,0,3
BRDA:274,44,1,1
BRDA:276,45,0,2
BRDA:276,45,1,2
BRDA:276,46,0,4
BRDA:276,46,1,3
BRDA:294,47,0,140
BRDA:294,47,1,129
BRDA:298,48,0,105
BRDA:298,48,1,35
BRDA:298,49,0,140
BRDA:298,49,1,105
BRDA:308,50,0,140
BRDA:308,50,1,140
BRDA:310,51,0,140
BRDA:310,51,1,137
BRDA:310,52,0,140
BRDA:310,52,1,105
BRDA:310,52,2,102
BRDA:313,53,0,140
BRDA:313,53,1,52
BRDA:314,54,0,105
BRDA:314,54,1,35
BRDA:316,55,0,52
BRDA:316,55,1,88
BRDA:316,56,0,140
BRDA:316,56,1,52
BRDA:321,57,0,140
BRDA:321,57,1,105
BRDA:321,57,2,102
BRDA:321,57,3,28
BRDA:325,58,0,140
BRDA:325,58,1,52
BRDA:327,59,0,140
BRDA:327,59,1,18
BRDA:329,60,0,140
BRDA:329,60,1,18
BRDA:331,61,0,140
BRDA:331,61,1,18
BRDA:331,61,2,16
BRDA:331,61,3,17
BRDA:336,62,0,9
BRDA:336,62,1,131
BRDA:336,63,0,140
BRDA:336,63,1,105
BRDA:336,63,2,101
BRDA:336,63,3,99
BRDA:338,64,0,4
BRDA:338,64,1,5
BRDA:341,65,0,3
BRDA:341,65,1,6
BRDA:351,66,0,3
BRDA:351,66,1,6
BRDA:357,67,0,19
BRDA:357,67,1,121
BRDA:367,68,0,140
BRDA:367,68,1,138
BRDA:368,69,0,140
BRDA:368,69,1,138
BRDA:379,70,0,1
BRDA:379,70,1,3
BRDA:381,71,0,31
BRDA:381,71,1,0
BRDA:381,71,2,0
BRDA:382,72,0,0
BRDA:382,72,1,1
BRDA:389,73,0,0
BRDA:389,73,1,0
BRF:160
BRH:150
end_of_record
TN:
SF:src\utils\photo.ts
FN:9,(anonymous_0)
FN:16,(anonymous_1)
FN:21,(anonymous_2)
FN:44,(anonymous_3)
FN:84,(anonymous_4)
FN:98,(anonymous_5)
FNF:6
FNH:6
FNDA:1,(anonymous_0)
FNDA:1,(anonymous_1)
FNDA:1,(anonymous_2)
FNDA:3,(anonymous_3)
FNDA:4,(anonymous_4)
FNDA:4,(anonymous_5)
DA:5,1
DA:6,1
DA:7,1
DA:9,1
DA:10,1
DA:11,1
DA:12,1
DA:16,1
DA:17,1
DA:18,1
DA:21,1
DA:22,1
DA:24,0
DA:27,1
DA:28,1
DA:29,0
DA:32,1
DA:33,1
DA:44,1
DA:45,3
DA:46,3
DA:47,1
DA:48,1
DA:51,2
DA:57,2
DA:58,1
DA:61,1
DA:62,1
DA:64,1
DA:73,1
DA:74,1
DA:75,1
DA:77,1
DA:78,1
DA:84,1
DA:85,4
DA:86,2
DA:87,2
DA:88,1
DA:90,1
DA:91,1
DA:98,1
DA:99,4
DA:100,2
DA:101,2
DA:102,1
DA:103,1
DA:106,1
LF:48
LH:46
BRDA:11,0,0,1
BRDA:11,0,1,0
BRDA:22,1,0,0
BRDA:22,1,1,1
BRDA:22,2,0,1
BRDA:22,2,1,1
BRDA:28,3,0,0
BRDA:28,3,1,1
BRDA:33,4,0,1
BRDA:33,4,1,0
BRDA:46,5,0,1
BRDA:46,5,1,2
BRDA:57,6,0,1
BRDA:57,6,1,1
BRDA:57,7,0,2
BRDA:57,7,1,1
BRDA:85,8,0,2
BRDA:85,8,1,2
BRDA:88,9,0,0
BRDA:88,9,1,1
BRDA:99,10,0,2
BRDA:99,10,1,2
BRDA:102,11,0,1
BRDA:102,11,1,0
BRF:24
BRH:18
end_of_record
TN:
SF:src\utils\text.ts
FN:1,(anonymous_0)
FN:3,(anonymous_1)
FN:17,(anonymous_2)
FN:19,(anonymous_3)
FNF:4
FNH:4
FNDA:1,(anonymous_0)
FNDA:2,(anonymous_1)
FNDA:2,(anonymous_2)
FNDA:5,(anonymous_3)
DA:1,1
DA:3,1
DA:4,2
DA:5,2
DA:6,1
DA:8,1
DA:17,1
DA:18,2
DA:19,1
DA:20,5
DA:22,1
LF:11
LH:11
BRDA:1,0,0,1
BRDA:1,0,1,0
BRDA:4,1,0,2
BRDA:4,1,1,0
BRDA:5,2,0,1
BRDA:5,2,1,1
BRDA:18,3,0,1
BRDA:18,3,1,1
BRF:8
BRH:6
end_of_record
